D=16
DL=0
x_0=1
x_1=1
x_2=1
x_3=0
x_4=0
x_5=1
x_6=1
x_7=0
x_8=0
x_9=1
x_10=0
x_11=0
x_12=0
x_13=0
x_14=0
x_15=0
x_16=0
x_17=0
x_18=0
x_19=0
x_20=0
x_21=0
x_22=1
x_23=0
x_24=0
x_25=0
x_26=0
x_27=0
x_28=0
x_29=0
x_30=0
x_31=0
x_32=0
x_33=0
x_34=0
x_35=0
x_36=0
x_37=0
x_38=0
x_39=0
x_40=0
x_41=0
x_42=1
x_43=0
x_44=0
x_45=0
x_46=0
x_47=1
x_48=0
x_49=0
x_50=0
x_51=0
x_52=0
x_53=0
x_54=0
x_55=0
x_56=1
x_57=0
x_58=0
x_59=0
x_60=0
x_61=1
x_62=0
x_63=0
x_64=0
x_65=0
x_66=0
x_67=0
x_68=0
x_69=1
x_70=0
x_71=0
x_72=0
x_73=0
x_74=0
x_75=0
x_76=0
x_77=0
x_78=0
x_79=0
x_80=0
x_81=1
x_82=0
x_83=0
x_84=0
x_85=0
x_86=0
x_87=0
x_88=0
x_89=0
x_90=0
x_91=0
x_92=0
x_93=0
x_94=0
x_95=0
x_96=0
x_97=0
x_98=0
x_99=0
x_100=0
x_101=0
x_102=0
x_103=0
x_104=0
x_105=0
x_106=0
x_107=0
x_108=0
x_109=0
x_110=0
x_111=0
x_112=0
x_113=0
x_114=0
x_115=0
x_116=0
x_117=0
x_118=0
x_119=0
x_120=0
x_121=0
x_122=1
x_123=1
x_124=1
x_125=1
x_126=1
x_127=1
x_128=1
x_129=1
x_130=1
x_131=1
x_132=1
x_133=1
x_134=1
x_135=1
x_136=1
x_137=0
x_138=0
x_139=1
x_140=0
x_141=1
x_142=1
x_143=1
x_144=1
x_145=1
x_146=0
x_147=1
x_148=1
x_149=0
x_150=0
x_151=1
x_152=0
x_153=0
x_154=1
x_155=1
x_156=1
x_157=0
x_0_1=1
x_0_2=0
x_0_3=0
x_0_4=0
x_0_5=0
x_0_6=0
x_0_7=0
x_0_8=0
x_0_9=0
x_0_10=0
x_0_11=0
x_0_12=0
x_0_13=0
x_0_14=0
x_0_15=0
x_0_16=0
x_0_17=0
x_0_18=0
x_0_19=0
x_0_20=0
x_0_21=0
x_0_22=0
x_0_23=0
x_0_24=0
x_0_25=0
x_0_26=0
x_0_27=0
x_0_28=0
x_0_29=0
x_0_30=0
x_0_31=0
x_0_32=0
x_0_33=0
x_0_34=0
x_0_35=0
x_0_36=0
x_0_37=0
x_0_38=0
x_0_39=0
x_0_40=0
x_1_1=0
x_1_2=1
x_1_3=0
x_1_4=0
x_1_5=0
x_1_6=0
x_1_7=0
x_1_8=0
x_1_9=0
x_1_10=0
x_1_11=0
x_1_12=0
x_1_13=0
x_1_14=0
x_1_15=0
x_1_16=0
x_1_17=0
x_1_18=0
x_1_19=0
x_1_20=0
x_1_21=0
x_1_22=0
x_1_23=0
x_1_24=0
x_1_25=0
x_1_26=0
x_1_27=0
x_1_28=0
x_1_29=0
x_1_30=0
x_1_31=0
x_1_32=0
x_1_33=0
x_1_34=0
x_1_35=0
x_1_36=0
x_1_37=0
x_1_38=0
x_1_39=0
x_1_40=0
x_2_1=0
x_2_2=0
x_2_3=1
x_2_4=0
x_2_5=0
x_2_6=0
x_2_7=0
x_2_8=0
x_2_9=0
x_2_10=0
x_2_11=0
x_2_12=0
x_2_13=0
x_2_14=0
x_2_15=0
x_2_16=0
x_2_17=0
x_2_18=0
x_2_19=0
x_2_20=0
x_2_21=0
x_2_22=0
x_2_23=0
x_2_24=0
x_2_25=0
x_2_26=0
x_2_27=0
x_2_28=0
x_2_29=0
x_2_30=0
x_2_31=0
x_2_32=0
x_2_33=0
x_2_34=0
x_2_35=0
x_2_36=0
x_2_37=0
x_2_38=0
x_2_39=0
x_2_40=0
x_3_1=0
x_3_2=0
x_3_3=0
x_3_4=0
x_3_5=0
x_3_6=0
x_3_7=0
x_3_8=0
x_3_9=0
x_3_10=0
x_3_11=0
x_3_12=0
x_3_13=0
x_3_14=0
x_3_15=0
x_3_16=0
x_3_17=0
x_3_18=0
x_3_19=0
x_3_20=0
x_3_21=0
x_3_22=0
x_3_23=0
x_3_24=0
x_3_25=0
x_3_26=0
x_3_27=0
x_3_28=0
x_3_29=0
x_3_30=0
x_3_31=0
x_3_32=0
x_3_33=0
x_3_34=0
x_3_35=0
x_3_36=0
x_3_37=0
x_3_38=0
x_3_39=0
x_3_40=0
x_4_1=0
x_4_2=0
x_4_3=0
x_4_4=0
x_4_5=0
x_4_6=0
x_4_7=0
x_4_8=0
x_4_9=0
x_4_10=0
x_4_11=0
x_4_12=0
x_4_13=0
x_4_14=0
x_4_15=0
x_4_16=0
x_4_17=0
x_4_18=0
x_4_19=0
x_4_20=0
x_4_21=0
x_4_22=0
x_4_23=0
x_4_24=0
x_4_25=0
x_4_26=0
x_4_27=0
x_4_28=0
x_4_29=0
x_4_30=0
x_4_31=0
x_4_32=0
x_4_33=0
x_4_34=0
x_4_35=0
x_4_36=0
x_4_37=0
x_4_38=0
x_4_39=0
x_4_40=0
x_5_1=0
x_5_2=0
x_5_3=0
x_5_4=0
x_5_5=0
x_5_6=0
x_5_7=0
x_5_8=1
x_5_9=0
x_5_10=0
x_5_11=0
x_5_12=0
x_5_13=0
x_5_14=0
x_5_15=0
x_5_16=0
x_5_17=0
x_5_18=0
x_5_19=0
x_5_20=0
x_5_21=0
x_5_22=0
x_5_23=0
x_5_24=0
x_5_25=0
x_5_26=0
x_5_27=0
x_5_28=0
x_5_29=0
x_5_30=0
x_5_31=0
x_5_32=0
x_5_33=0
x_5_34=0
x_5_35=0
x_5_36=0
x_5_37=0
x_5_38=0
x_5_39=0
x_5_40=0
x_6_1=0
x_6_2=0
x_6_3=0
x_6_4=0
x_6_5=0
x_6_6=0
x_6_7=0
x_6_8=0
x_6_9=0
x_6_10=0
x_6_11=0
x_6_12=1
x_6_13=0
x_6_14=0
x_6_15=0
x_6_16=0
x_6_17=0
x_6_18=0
x_6_19=0
x_6_20=0
x_6_21=0
x_6_22=0
x_6_23=0
x_6_24=0
x_6_25=0
x_6_26=0
x_6_27=0
x_6_28=0
x_6_29=0
x_6_30=0
x_6_31=0
x_6_32=0
x_6_33=0
x_6_34=0
x_6_35=0
x_6_36=0
x_6_37=0
x_6_38=0
x_6_39=0
x_6_40=0
x_7_1=0
x_7_2=0
x_7_3=0
x_7_4=0
x_7_5=0
x_7_6=0
x_7_7=0
x_7_8=0
x_7_9=0
x_7_10=0
x_7_11=0
x_7_12=0
x_7_13=0
x_7_14=0
x_7_15=0
x_7_16=0
x_7_17=0
x_7_18=0
x_7_19=0
x_7_20=0
x_7_21=0
x_7_22=0
x_7_23=0
x_7_24=0
x_7_25=0
x_7_26=0
x_7_27=0
x_7_28=0
x_7_29=0
x_7_30=0
x_7_31=0
x_7_32=0
x_7_33=0
x_7_34=0
x_7_35=0
x_7_36=0
x_7_37=0
x_7_38=0
x_7_39=0
x_7_40=0
x_8_1=0
x_8_2=0
x_8_3=0
x_8_4=0
x_8_5=0
x_8_6=0
x_8_7=0
x_8_8=0
x_8_9=0
x_8_10=0
x_8_11=0
x_8_12=0
x_8_13=0
x_8_14=0
x_8_15=0
x_8_16=0
x_8_17=0
x_8_18=0
x_8_19=0
x_8_20=0
x_8_21=0
x_8_22=0
x_8_23=0
x_8_24=0
x_8_25=0
x_8_26=0
x_8_27=0
x_8_28=0
x_8_29=0
x_8_30=0
x_8_31=0
x_8_32=0
x_8_33=0
x_8_34=0
x_8_35=0
x_8_36=0
x_8_37=0
x_8_38=0
x_8_39=0
x_8_40=0
x_9_1=1
x_9_2=0
x_9_3=0
x_9_4=0
x_9_5=0
x_9_6=0
x_9_7=0
x_9_8=0
x_9_9=0
x_9_10=0
x_9_11=0
x_9_12=0
x_9_13=0
x_9_14=0
x_9_15=0
x_9_16=0
x_9_17=0
x_9_18=0
x_9_19=0
x_9_20=0
x_9_21=0
x_9_22=0
x_9_23=0
x_9_24=0
x_9_25=0
x_9_26=0
x_9_27=0
x_9_28=0
x_9_29=0
x_9_30=0
x_9_31=0
x_9_32=0
x_9_33=0
x_9_34=0
x_9_35=0
x_9_36=0
x_9_37=0
x_9_38=0
x_9_39=0
x_9_40=0
x_10_1=0
x_10_2=0
x_10_3=0
x_10_4=0
x_10_5=0
x_10_6=0
x_10_7=0
x_10_8=0
x_10_9=0
x_10_10=0
x_10_11=0
x_10_12=0
x_10_13=0
x_10_14=0
x_10_15=0
x_10_16=0
x_10_17=0
x_10_18=0
x_10_19=0
x_10_20=0
x_10_21=0
x_10_22=0
x_10_23=0
x_10_24=0
x_10_25=0
x_10_26=0
x_10_27=0
x_10_28=0
x_10_29=0
x_10_30=0
x_10_31=0
x_10_32=0
x_10_33=0
x_10_34=0
x_10_35=0
x_10_36=0
x_10_37=0
x_10_38=0
x_10_39=0
x_10_40=0
x_11_1=0
x_11_2=0
x_11_3=0
x_11_4=0
x_11_5=0
x_11_6=0
x_11_7=0
x_11_8=0
x_11_9=0
x_11_10=0
x_11_11=0
x_11_12=0
x_11_13=0
x_11_14=0
x_11_15=0
x_11_16=0
x_11_17=0
x_11_18=0
x_11_19=0
x_11_20=0
x_11_21=0
x_11_22=0
x_11_23=0
x_11_24=0
x_11_25=0
x_11_26=0
x_11_27=0
x_11_28=0
x_11_29=0
x_11_30=0
x_11_31=0
x_11_32=0
x_11_33=0
x_11_34=0
x_11_35=0
x_11_36=0
x_11_37=0
x_11_38=0
x_11_39=0
x_11_40=0
x_12_1=0
x_12_2=0
x_12_3=0
x_12_4=0
x_12_5=0
x_12_6=0
x_12_7=0
x_12_8=0
x_12_9=0
x_12_10=0
x_12_11=0
x_12_12=0
x_12_13=0
x_12_14=0
x_12_15=0
x_12_16=0
x_12_17=0
x_12_18=0
x_12_19=0
x_12_20=0
x_12_21=0
x_12_22=0
x_12_23=0
x_12_24=0
x_12_25=0
x_12_26=0
x_12_27=0
x_12_28=0
x_12_29=0
x_12_30=0
x_12_31=0
x_12_32=0
x_12_33=0
x_12_34=0
x_12_35=0
x_12_36=0
x_12_37=0
x_12_38=0
x_12_39=0
x_12_40=0
x_13_1=0
x_13_2=0
x_13_3=0
x_13_4=0
x_13_5=0
x_13_6=0
x_13_7=0
x_13_8=0
x_13_9=0
x_13_10=0
x_13_11=0
x_13_12=0
x_13_13=0
x_13_14=0
x_13_15=0
x_13_16=0
x_13_17=0
x_13_18=0
x_13_19=0
x_13_20=0
x_13_21=0
x_13_22=0
x_13_23=0
x_13_24=0
x_13_25=0
x_13_26=0
x_13_27=0
x_13_28=0
x_13_29=0
x_13_30=0
x_13_31=0
x_13_32=0
x_13_33=0
x_13_34=0
x_13_35=0
x_13_36=0
x_13_37=0
x_13_38=0
x_13_39=0
x_13_40=0
x_14_1=0
x_14_2=0
x_14_3=0
x_14_4=0
x_14_5=0
x_14_6=0
x_14_7=0
x_14_8=0
x_14_9=0
x_14_10=0
x_14_11=0
x_14_12=0
x_14_13=0
x_14_14=0
x_14_15=0
x_14_16=0
x_14_17=0
x_14_18=0
x_14_19=0
x_14_20=0
x_14_21=0
x_14_22=0
x_14_23=0
x_14_24=0
x_14_25=0
x_14_26=0
x_14_27=0
x_14_28=0
x_14_29=0
x_14_30=0
x_14_31=0
x_14_32=0
x_14_33=0
x_14_34=0
x_14_35=0
x_14_36=0
x_14_37=0
x_14_38=0
x_14_39=0
x_14_40=0
x_15_1=0
x_15_2=0
x_15_3=0
x_15_4=0
x_15_5=0
x_15_6=0
x_15_7=0
x_15_8=0
x_15_9=0
x_15_10=0
x_15_11=0
x_15_12=0
x_15_13=0
x_15_14=0
x_15_15=0
x_15_16=0
x_15_17=0
x_15_18=0
x_15_19=0
x_15_20=0
x_15_21=0
x_15_22=0
x_15_23=0
x_15_24=0
x_15_25=0
x_15_26=0
x_15_27=0
x_15_28=0
x_15_29=0
x_15_30=0
x_15_31=0
x_15_32=0
x_15_33=0
x_15_34=0
x_15_35=0
x_15_36=0
x_15_37=0
x_15_38=0
x_15_39=0
x_15_40=0
x_16_1=0
x_16_2=0
x_16_3=0
x_16_4=0
x_16_5=0
x_16_6=0
x_16_7=0
x_16_8=0
x_16_9=0
x_16_10=0
x_16_11=0
x_16_12=0
x_16_13=0
x_16_14=0
x_16_15=0
x_16_16=0
x_16_17=0
x_16_18=0
x_16_19=0
x_16_20=0
x_16_21=0
x_16_22=0
x_16_23=0
x_16_24=0
x_16_25=0
x_16_26=0
x_16_27=0
x_16_28=0
x_16_29=0
x_16_30=0
x_16_31=0
x_16_32=0
x_16_33=0
x_16_34=0
x_16_35=0
x_16_36=0
x_16_37=0
x_16_38=0
x_16_39=0
x_16_40=0
x_17_1=0
x_17_2=0
x_17_3=0
x_17_4=0
x_17_5=0
x_17_6=0
x_17_7=0
x_17_8=0
x_17_9=0
x_17_10=0
x_17_11=0
x_17_12=0
x_17_13=0
x_17_14=0
x_17_15=0
x_17_16=0
x_17_17=0
x_17_18=0
x_17_19=0
x_17_20=0
x_17_21=0
x_17_22=0
x_17_23=0
x_17_24=0
x_17_25=0
x_17_26=0
x_17_27=0
x_17_28=0
x_17_29=0
x_17_30=0
x_17_31=0
x_17_32=0
x_17_33=0
x_17_34=0
x_17_35=0
x_17_36=0
x_17_37=0
x_17_38=0
x_17_39=0
x_17_40=0
x_18_1=0
x_18_2=0
x_18_3=0
x_18_4=0
x_18_5=0
x_18_6=0
x_18_7=0
x_18_8=0
x_18_9=0
x_18_10=0
x_18_11=0
x_18_12=0
x_18_13=0
x_18_14=0
x_18_15=0
x_18_16=0
x_18_17=0
x_18_18=0
x_18_19=0
x_18_20=0
x_18_21=0
x_18_22=0
x_18_23=0
x_18_24=0
x_18_25=0
x_18_26=0
x_18_27=0
x_18_28=0
x_18_29=0
x_18_30=0
x_18_31=0
x_18_32=0
x_18_33=0
x_18_34=0
x_18_35=0
x_18_36=0
x_18_37=0
x_18_38=0
x_18_39=0
x_18_40=0
x_19_1=0
x_19_2=0
x_19_3=0
x_19_4=0
x_19_5=0
x_19_6=0
x_19_7=0
x_19_8=0
x_19_9=0
x_19_10=0
x_19_11=0
x_19_12=0
x_19_13=0
x_19_14=0
x_19_15=0
x_19_16=0
x_19_17=0
x_19_18=0
x_19_19=0
x_19_20=0
x_19_21=0
x_19_22=0
x_19_23=0
x_19_24=0
x_19_25=0
x_19_26=0
x_19_27=0
x_19_28=0
x_19_29=0
x_19_30=0
x_19_31=0
x_19_32=0
x_19_33=0
x_19_34=0
x_19_35=0
x_19_36=0
x_19_37=0
x_19_38=0
x_19_39=0
x_19_40=0
x_20_1=0
x_20_2=0
x_20_3=0
x_20_4=0
x_20_5=0
x_20_6=0
x_20_7=0
x_20_8=0
x_20_9=0
x_20_10=0
x_20_11=0
x_20_12=0
x_20_13=0
x_20_14=0
x_20_15=0
x_20_16=0
x_20_17=0
x_20_18=0
x_20_19=0
x_20_20=0
x_20_21=0
x_20_22=0
x_20_23=0
x_20_24=0
x_20_25=0
x_20_26=0
x_20_27=0
x_20_28=0
x_20_29=0
x_20_30=0
x_20_31=0
x_20_32=0
x_20_33=0
x_20_34=0
x_20_35=0
x_20_36=0
x_20_37=0
x_20_38=0
x_20_39=0
x_20_40=0
x_21_1=0
x_21_2=0
x_21_3=0
x_21_4=0
x_21_5=0
x_21_6=0
x_21_7=0
x_21_8=0
x_21_9=0
x_21_10=0
x_21_11=0
x_21_12=0
x_21_13=0
x_21_14=0
x_21_15=0
x_21_16=0
x_21_17=0
x_21_18=0
x_21_19=0
x_21_20=0
x_21_21=0
x_21_22=0
x_21_23=0
x_21_24=0
x_21_25=0
x_21_26=0
x_21_27=0
x_21_28=0
x_21_29=0
x_21_30=0
x_21_31=0
x_21_32=0
x_21_33=0
x_21_34=0
x_21_35=0
x_21_36=0
x_21_37=0
x_21_38=0
x_21_39=0
x_21_40=0
x_22_1=0
x_22_2=0
x_22_3=0
x_22_4=0
x_22_5=0
x_22_6=0
x_22_7=0
x_22_8=0
x_22_9=0
x_22_10=0
x_22_11=0
x_22_12=0
x_22_13=1
x_22_14=0
x_22_15=0
x_22_16=0
x_22_17=0
x_22_18=0
x_22_19=0
x_22_20=0
x_22_21=0
x_22_22=0
x_22_23=0
x_22_24=0
x_22_25=0
x_22_26=0
x_22_27=0
x_22_28=0
x_22_29=0
x_22_30=0
x_22_31=0
x_22_32=0
x_22_33=0
x_22_34=0
x_22_35=0
x_22_36=0
x_22_37=0
x_22_38=0
x_22_39=0
x_22_40=0
x_23_1=0
x_23_2=0
x_23_3=0
x_23_4=0
x_23_5=0
x_23_6=0
x_23_7=0
x_23_8=0
x_23_9=0
x_23_10=0
x_23_11=0
x_23_12=0
x_23_13=0
x_23_14=0
x_23_15=0
x_23_16=0
x_23_17=0
x_23_18=0
x_23_19=0
x_23_20=0
x_23_21=0
x_23_22=0
x_23_23=0
x_23_24=0
x_23_25=0
x_23_26=0
x_23_27=0
x_23_28=0
x_23_29=0
x_23_30=0
x_23_31=0
x_23_32=0
x_23_33=0
x_23_34=0
x_23_35=0
x_23_36=0
x_23_37=0
x_23_38=0
x_23_39=0
x_23_40=0
x_24_1=0
x_24_2=0
x_24_3=0
x_24_4=0
x_24_5=0
x_24_6=0
x_24_7=0
x_24_8=0
x_24_9=0
x_24_10=0
x_24_11=0
x_24_12=0
x_24_13=0
x_24_14=0
x_24_15=0
x_24_16=0
x_24_17=0
x_24_18=0
x_24_19=0
x_24_20=0
x_24_21=0
x_24_22=0
x_24_23=0
x_24_24=0
x_24_25=0
x_24_26=0
x_24_27=0
x_24_28=0
x_24_29=0
x_24_30=0
x_24_31=0
x_24_32=0
x_24_33=0
x_24_34=0
x_24_35=0
x_24_36=0
x_24_37=0
x_24_38=0
x_24_39=0
x_24_40=0
x_25_1=0
x_25_2=0
x_25_3=0
x_25_4=0
x_25_5=0
x_25_6=0
x_25_7=0
x_25_8=0
x_25_9=0
x_25_10=0
x_25_11=0
x_25_12=0
x_25_13=0
x_25_14=0
x_25_15=0
x_25_16=0
x_25_17=0
x_25_18=0
x_25_19=0
x_25_20=0
x_25_21=0
x_25_22=0
x_25_23=0
x_25_24=0
x_25_25=0
x_25_26=0
x_25_27=0
x_25_28=0
x_25_29=0
x_25_30=0
x_25_31=0
x_25_32=0
x_25_33=0
x_25_34=0
x_25_35=0
x_25_36=0
x_25_37=0
x_25_38=0
x_25_39=0
x_25_40=0
x_26_1=0
x_26_2=0
x_26_3=0
x_26_4=0
x_26_5=0
x_26_6=0
x_26_7=0
x_26_8=0
x_26_9=0
x_26_10=0
x_26_11=0
x_26_12=0
x_26_13=0
x_26_14=0
x_26_15=0
x_26_16=0
x_26_17=0
x_26_18=0
x_26_19=0
x_26_20=0
x_26_21=0
x_26_22=0
x_26_23=0
x_26_24=0
x_26_25=0
x_26_26=0
x_26_27=0
x_26_28=0
x_26_29=0
x_26_30=0
x_26_31=0
x_26_32=0
x_26_33=0
x_26_34=0
x_26_35=0
x_26_36=0
x_26_37=0
x_26_38=0
x_26_39=0
x_26_40=0
x_27_1=0
x_27_2=0
x_27_3=0
x_27_4=0
x_27_5=0
x_27_6=0
x_27_7=0
x_27_8=0
x_27_9=0
x_27_10=0
x_27_11=0
x_27_12=0
x_27_13=0
x_27_14=0
x_27_15=0
x_27_16=0
x_27_17=0
x_27_18=0
x_27_19=0
x_27_20=0
x_27_21=0
x_27_22=0
x_27_23=0
x_27_24=0
x_27_25=0
x_27_26=0
x_27_27=0
x_27_28=0
x_27_29=0
x_27_30=0
x_27_31=0
x_27_32=0
x_27_33=0
x_27_34=0
x_27_35=0
x_27_36=0
x_27_37=0
x_27_38=0
x_27_39=0
x_27_40=0
x_28_1=0
x_28_2=0
x_28_3=0
x_28_4=0
x_28_5=0
x_28_6=0
x_28_7=0
x_28_8=0
x_28_9=0
x_28_10=0
x_28_11=0
x_28_12=0
x_28_13=0
x_28_14=0
x_28_15=0
x_28_16=0
x_28_17=0
x_28_18=0
x_28_19=0
x_28_20=0
x_28_21=0
x_28_22=0
x_28_23=0
x_28_24=0
x_28_25=0
x_28_26=0
x_28_27=0
x_28_28=0
x_28_29=0
x_28_30=0
x_28_31=0
x_28_32=0
x_28_33=0
x_28_34=0
x_28_35=0
x_28_36=0
x_28_37=0
x_28_38=0
x_28_39=0
x_28_40=0
x_29_1=0
x_29_2=0
x_29_3=0
x_29_4=0
x_29_5=0
x_29_6=0
x_29_7=0
x_29_8=0
x_29_9=0
x_29_10=0
x_29_11=0
x_29_12=0
x_29_13=0
x_29_14=0
x_29_15=0
x_29_16=0
x_29_17=0
x_29_18=0
x_29_19=0
x_29_20=0
x_29_21=0
x_29_22=0
x_29_23=0
x_29_24=0
x_29_25=0
x_29_26=0
x_29_27=0
x_29_28=0
x_29_29=0
x_29_30=0
x_29_31=0
x_29_32=0
x_29_33=0
x_29_34=0
x_29_35=0
x_29_36=0
x_29_37=0
x_29_38=0
x_29_39=0
x_29_40=0
x_30_1=0
x_30_2=0
x_30_3=0
x_30_4=0
x_30_5=0
x_30_6=0
x_30_7=0
x_30_8=0
x_30_9=0
x_30_10=0
x_30_11=0
x_30_12=0
x_30_13=0
x_30_14=0
x_30_15=0
x_30_16=0
x_30_17=0
x_30_18=0
x_30_19=0
x_30_20=0
x_30_21=0
x_30_22=0
x_30_23=0
x_30_24=0
x_30_25=0
x_30_26=0
x_30_27=0
x_30_28=0
x_30_29=0
x_30_30=0
x_30_31=0
x_30_32=0
x_30_33=0
x_30_34=0
x_30_35=0
x_30_36=0
x_30_37=0
x_30_38=0
x_30_39=0
x_30_40=0
x_31_1=0
x_31_2=0
x_31_3=0
x_31_4=0
x_31_5=0
x_31_6=0
x_31_7=0
x_31_8=0
x_31_9=0
x_31_10=0
x_31_11=0
x_31_12=0
x_31_13=0
x_31_14=0
x_31_15=0
x_31_16=0
x_31_17=0
x_31_18=0
x_31_19=0
x_31_20=0
x_31_21=0
x_31_22=0
x_31_23=0
x_31_24=0
x_31_25=0
x_31_26=0
x_31_27=0
x_31_28=0
x_31_29=0
x_31_30=0
x_31_31=0
x_31_32=0
x_31_33=0
x_31_34=0
x_31_35=0
x_31_36=0
x_31_37=0
x_31_38=0
x_31_39=0
x_31_40=0
x_32_1=0
x_32_2=0
x_32_3=0
x_32_4=0
x_32_5=0
x_32_6=0
x_32_7=0
x_32_8=0
x_32_9=0
x_32_10=0
x_32_11=0
x_32_12=0
x_32_13=0
x_32_14=0
x_32_15=0
x_32_16=0
x_32_17=0
x_32_18=0
x_32_19=0
x_32_20=0
x_32_21=0
x_32_22=0
x_32_23=0
x_32_24=0
x_32_25=0
x_32_26=0
x_32_27=0
x_32_28=0
x_32_29=0
x_32_30=0
x_32_31=0
x_32_32=0
x_32_33=0
x_32_34=0
x_32_35=0
x_32_36=0
x_32_37=0
x_32_38=0
x_32_39=0
x_32_40=0
x_33_1=0
x_33_2=0
x_33_3=0
x_33_4=0
x_33_5=0
x_33_6=0
x_33_7=0
x_33_8=0
x_33_9=0
x_33_10=0
x_33_11=0
x_33_12=0
x_33_13=0
x_33_14=0
x_33_15=0
x_33_16=0
x_33_17=0
x_33_18=0
x_33_19=0
x_33_20=0
x_33_21=0
x_33_22=0
x_33_23=0
x_33_24=0
x_33_25=0
x_33_26=0
x_33_27=0
x_33_28=0
x_33_29=0
x_33_30=0
x_33_31=0
x_33_32=0
x_33_33=0
x_33_34=0
x_33_35=0
x_33_36=0
x_33_37=0
x_33_38=0
x_33_39=0
x_33_40=0
x_34_1=0
x_34_2=0
x_34_3=0
x_34_4=0
x_34_5=0
x_34_6=0
x_34_7=0
x_34_8=0
x_34_9=0
x_34_10=0
x_34_11=0
x_34_12=0
x_34_13=0
x_34_14=0
x_34_15=0
x_34_16=0
x_34_17=0
x_34_18=0
x_34_19=0
x_34_20=0
x_34_21=0
x_34_22=0
x_34_23=0
x_34_24=0
x_34_25=0
x_34_26=0
x_34_27=0
x_34_28=0
x_34_29=0
x_34_30=0
x_34_31=0
x_34_32=0
x_34_33=0
x_34_34=0
x_34_35=0
x_34_36=0
x_34_37=0
x_34_38=0
x_34_39=0
x_34_40=0
x_35_1=0
x_35_2=0
x_35_3=0
x_35_4=0
x_35_5=0
x_35_6=0
x_35_7=0
x_35_8=0
x_35_9=0
x_35_10=0
x_35_11=0
x_35_12=0
x_35_13=0
x_35_14=0
x_35_15=0
x_35_16=0
x_35_17=0
x_35_18=0
x_35_19=0
x_35_20=0
x_35_21=0
x_35_22=0
x_35_23=0
x_35_24=0
x_35_25=0
x_35_26=0
x_35_27=0
x_35_28=0
x_35_29=0
x_35_30=0
x_35_31=0
x_35_32=0
x_35_33=0
x_35_34=0
x_35_35=0
x_35_36=0
x_35_37=0
x_35_38=0
x_35_39=0
x_35_40=0
x_36_1=0
x_36_2=0
x_36_3=0
x_36_4=0
x_36_5=0
x_36_6=0
x_36_7=0
x_36_8=0
x_36_9=0
x_36_10=0
x_36_11=0
x_36_12=0
x_36_13=0
x_36_14=0
x_36_15=0
x_36_16=0
x_36_17=0
x_36_18=0
x_36_19=0
x_36_20=0
x_36_21=0
x_36_22=0
x_36_23=0
x_36_24=0
x_36_25=0
x_36_26=0
x_36_27=0
x_36_28=0
x_36_29=0
x_36_30=0
x_36_31=0
x_36_32=0
x_36_33=0
x_36_34=0
x_36_35=0
x_36_36=0
x_36_37=0
x_36_38=0
x_36_39=0
x_36_40=0
x_37_1=0
x_37_2=0
x_37_3=0
x_37_4=0
x_37_5=0
x_37_6=0
x_37_7=0
x_37_8=0
x_37_9=0
x_37_10=0
x_37_11=0
x_37_12=0
x_37_13=0
x_37_14=0
x_37_15=0
x_37_16=0
x_37_17=0
x_37_18=0
x_37_19=0
x_37_20=0
x_37_21=0
x_37_22=0
x_37_23=0
x_37_24=0
x_37_25=0
x_37_26=0
x_37_27=0
x_37_28=0
x_37_29=0
x_37_30=0
x_37_31=0
x_37_32=0
x_37_33=0
x_37_34=0
x_37_35=0
x_37_36=0
x_37_37=0
x_37_38=0
x_37_39=0
x_37_40=0
x_38_1=0
x_38_2=0
x_38_3=0
x_38_4=0
x_38_5=0
x_38_6=0
x_38_7=0
x_38_8=0
x_38_9=0
x_38_10=0
x_38_11=0
x_38_12=0
x_38_13=0
x_38_14=0
x_38_15=0
x_38_16=0
x_38_17=0
x_38_18=0
x_38_19=0
x_38_20=0
x_38_21=0
x_38_22=0
x_38_23=0
x_38_24=0
x_38_25=0
x_38_26=0
x_38_27=0
x_38_28=0
x_38_29=0
x_38_30=0
x_38_31=0
x_38_32=0
x_38_33=0
x_38_34=0
x_38_35=0
x_38_36=0
x_38_37=0
x_38_38=0
x_38_39=0
x_38_40=0
x_39_1=0
x_39_2=0
x_39_3=0
x_39_4=0
x_39_5=0
x_39_6=0
x_39_7=0
x_39_8=0
x_39_9=0
x_39_10=0
x_39_11=0
x_39_12=0
x_39_13=0
x_39_14=0
x_39_15=0
x_39_16=0
x_39_17=0
x_39_18=0
x_39_19=0
x_39_20=0
x_39_21=0
x_39_22=0
x_39_23=0
x_39_24=0
x_39_25=0
x_39_26=0
x_39_27=0
x_39_28=0
x_39_29=0
x_39_30=0
x_39_31=0
x_39_32=0
x_39_33=0
x_39_34=0
x_39_35=0
x_39_36=0
x_39_37=0
x_39_38=0
x_39_39=0
x_39_40=0
x_40_1=0
x_40_2=0
x_40_3=0
x_40_4=0
x_40_5=0
x_40_6=0
x_40_7=0
x_40_8=0
x_40_9=0
x_40_10=0
x_40_11=0
x_40_12=0
x_40_13=0
x_40_14=0
x_40_15=0
x_40_16=0
x_40_17=0
x_40_18=0
x_40_19=0
x_40_20=0
x_40_21=0
x_40_22=0
x_40_23=0
x_40_24=0
x_40_25=0
x_40_26=0
x_40_27=0
x_40_28=0
x_40_29=0
x_40_30=0
x_40_31=0
x_40_32=0
x_40_33=0
x_40_34=0
x_40_35=0
x_40_36=0
x_40_37=0
x_40_38=0
x_40_39=0
x_40_40=0
x_41_1=0
x_41_2=0
x_41_3=0
x_41_4=0
x_41_5=0
x_41_6=0
x_41_7=0
x_41_8=0
x_41_9=0
x_41_10=0
x_41_11=0
x_41_12=0
x_41_13=0
x_41_14=0
x_41_15=0
x_41_16=0
x_41_17=0
x_41_18=0
x_41_19=0
x_41_20=0
x_41_21=0
x_41_22=0
x_41_23=0
x_41_24=0
x_41_25=0
x_41_26=0
x_41_27=0
x_41_28=0
x_41_29=0
x_41_30=0
x_41_31=0
x_41_32=0
x_41_33=0
x_41_34=0
x_41_35=0
x_41_36=0
x_41_37=0
x_41_38=0
x_41_39=0
x_41_40=0
x_42_1=0
x_42_2=0
x_42_3=1
x_42_4=0
x_42_5=0
x_42_6=0
x_42_7=0
x_42_8=0
x_42_9=0
x_42_10=0
x_42_11=0
x_42_12=0
x_42_13=0
x_42_14=0
x_42_15=0
x_42_16=0
x_42_17=0
x_42_18=0
x_42_19=0
x_42_20=0
x_42_21=0
x_42_22=0
x_42_23=0
x_42_24=0
x_42_25=0
x_42_26=0
x_42_27=0
x_42_28=0
x_42_29=0
x_42_30=0
x_42_31=0
x_42_32=0
x_42_33=0
x_42_34=0
x_42_35=0
x_42_36=0
x_42_37=0
x_42_38=0
x_42_39=0
x_42_40=0
x_43_1=0
x_43_2=0
x_43_3=0
x_43_4=0
x_43_5=0
x_43_6=0
x_43_7=0
x_43_8=0
x_43_9=0
x_43_10=0
x_43_11=0
x_43_12=0
x_43_13=0
x_43_14=0
x_43_15=0
x_43_16=0
x_43_17=0
x_43_18=0
x_43_19=0
x_43_20=0
x_43_21=0
x_43_22=0
x_43_23=0
x_43_24=0
x_43_25=0
x_43_26=0
x_43_27=0
x_43_28=0
x_43_29=0
x_43_30=0
x_43_31=0
x_43_32=0
x_43_33=0
x_43_34=0
x_43_35=0
x_43_36=0
x_43_37=0
x_43_38=0
x_43_39=0
x_43_40=0
x_44_1=0
x_44_2=0
x_44_3=0
x_44_4=0
x_44_5=0
x_44_6=0
x_44_7=0
x_44_8=0
x_44_9=0
x_44_10=0
x_44_11=0
x_44_12=0
x_44_13=0
x_44_14=0
x_44_15=0
x_44_16=0
x_44_17=0
x_44_18=0
x_44_19=0
x_44_20=0
x_44_21=0
x_44_22=0
x_44_23=0
x_44_24=0
x_44_25=0
x_44_26=0
x_44_27=0
x_44_28=0
x_44_29=0
x_44_30=0
x_44_31=0
x_44_32=0
x_44_33=0
x_44_34=0
x_44_35=0
x_44_36=0
x_44_37=0
x_44_38=0
x_44_39=0
x_44_40=0
x_45_1=0
x_45_2=0
x_45_3=0
x_45_4=0
x_45_5=0
x_45_6=0
x_45_7=0
x_45_8=0
x_45_9=0
x_45_10=0
x_45_11=0
x_45_12=0
x_45_13=0
x_45_14=0
x_45_15=0
x_45_16=0
x_45_17=0
x_45_18=0
x_45_19=0
x_45_20=0
x_45_21=0
x_45_22=0
x_45_23=0
x_45_24=0
x_45_25=0
x_45_26=0
x_45_27=0
x_45_28=0
x_45_29=0
x_45_30=0
x_45_31=0
x_45_32=0
x_45_33=0
x_45_34=0
x_45_35=0
x_45_36=0
x_45_37=0
x_45_38=0
x_45_39=0
x_45_40=0
x_46_1=0
x_46_2=0
x_46_3=0
x_46_4=0
x_46_5=0
x_46_6=0
x_46_7=0
x_46_8=0
x_46_9=0
x_46_10=0
x_46_11=0
x_46_12=0
x_46_13=0
x_46_14=0
x_46_15=0
x_46_16=0
x_46_17=0
x_46_18=0
x_46_19=0
x_46_20=0
x_46_21=0
x_46_22=0
x_46_23=0
x_46_24=0
x_46_25=0
x_46_26=0
x_46_27=0
x_46_28=0
x_46_29=0
x_46_30=0
x_46_31=0
x_46_32=0
x_46_33=0
x_46_34=0
x_46_35=0
x_46_36=0
x_46_37=0
x_46_38=0
x_46_39=0
x_46_40=0
x_47_1=0
x_47_2=0
x_47_3=0
x_47_4=0
x_47_5=0
x_47_6=0
x_47_7=1
x_47_8=0
x_47_9=0
x_47_10=0
x_47_11=0
x_47_12=0
x_47_13=0
x_47_14=0
x_47_15=0
x_47_16=0
x_47_17=0
x_47_18=0
x_47_19=0
x_47_20=0
x_47_21=0
x_47_22=0
x_47_23=0
x_47_24=0
x_47_25=0
x_47_26=0
x_47_27=0
x_47_28=0
x_47_29=0
x_47_30=0
x_47_31=0
x_47_32=0
x_47_33=0
x_47_34=0
x_47_35=0
x_47_36=0
x_47_37=0
x_47_38=0
x_47_39=0
x_47_40=0
x_48_1=0
x_48_2=0
x_48_3=0
x_48_4=0
x_48_5=0
x_48_6=0
x_48_7=0
x_48_8=0
x_48_9=0
x_48_10=0
x_48_11=0
x_48_12=0
x_48_13=0
x_48_14=0
x_48_15=0
x_48_16=0
x_48_17=0
x_48_18=0
x_48_19=0
x_48_20=0
x_48_21=0
x_48_22=0
x_48_23=0
x_48_24=0
x_48_25=0
x_48_26=0
x_48_27=0
x_48_28=0
x_48_29=0
x_48_30=0
x_48_31=0
x_48_32=0
x_48_33=0
x_48_34=0
x_48_35=0
x_48_36=0
x_48_37=0
x_48_38=0
x_48_39=0
x_48_40=0
x_49_1=0
x_49_2=0
x_49_3=0
x_49_4=0
x_49_5=0
x_49_6=0
x_49_7=0
x_49_8=0
x_49_9=0
x_49_10=0
x_49_11=0
x_49_12=0
x_49_13=0
x_49_14=0
x_49_15=0
x_49_16=0
x_49_17=0
x_49_18=0
x_49_19=0
x_49_20=0
x_49_21=0
x_49_22=0
x_49_23=0
x_49_24=0
x_49_25=0
x_49_26=0
x_49_27=0
x_49_28=0
x_49_29=0
x_49_30=0
x_49_31=0
x_49_32=0
x_49_33=0
x_49_34=0
x_49_35=0
x_49_36=0
x_49_37=0
x_49_38=0
x_49_39=0
x_49_40=0
x_50_1=0
x_50_2=0
x_50_3=0
x_50_4=0
x_50_5=0
x_50_6=0
x_50_7=0
x_50_8=0
x_50_9=0
x_50_10=0
x_50_11=0
x_50_12=0
x_50_13=0
x_50_14=0
x_50_15=0
x_50_16=0
x_50_17=0
x_50_18=0
x_50_19=0
x_50_20=0
x_50_21=0
x_50_22=0
x_50_23=0
x_50_24=0
x_50_25=0
x_50_26=0
x_50_27=0
x_50_28=0
x_50_29=0
x_50_30=0
x_50_31=0
x_50_32=0
x_50_33=0
x_50_34=0
x_50_35=0
x_50_36=0
x_50_37=0
x_50_38=0
x_50_39=0
x_50_40=0
x_51_1=0
x_51_2=0
x_51_3=0
x_51_4=0
x_51_5=0
x_51_6=0
x_51_7=0
x_51_8=0
x_51_9=0
x_51_10=0
x_51_11=0
x_51_12=0
x_51_13=0
x_51_14=0
x_51_15=0
x_51_16=0
x_51_17=0
x_51_18=0
x_51_19=0
x_51_20=0
x_51_21=0
x_51_22=0
x_51_23=0
x_51_24=0
x_51_25=0
x_51_26=0
x_51_27=0
x_51_28=0
x_51_29=0
x_51_30=0
x_51_31=0
x_51_32=0
x_51_33=0
x_51_34=0
x_51_35=0
x_51_36=0
x_51_37=0
x_51_38=0
x_51_39=0
x_51_40=0
x_52_1=0
x_52_2=0
x_52_3=0
x_52_4=0
x_52_5=0
x_52_6=0
x_52_7=0
x_52_8=0
x_52_9=0
x_52_10=0
x_52_11=0
x_52_12=0
x_52_13=0
x_52_14=0
x_52_15=0
x_52_16=0
x_52_17=0
x_52_18=0
x_52_19=0
x_52_20=0
x_52_21=0
x_52_22=0
x_52_23=0
x_52_24=0
x_52_25=0
x_52_26=0
x_52_27=0
x_52_28=0
x_52_29=0
x_52_30=0
x_52_31=0
x_52_32=0
x_52_33=0
x_52_34=0
x_52_35=0
x_52_36=0
x_52_37=0
x_52_38=0
x_52_39=0
x_52_40=0
x_53_1=0
x_53_2=0
x_53_3=0
x_53_4=0
x_53_5=0
x_53_6=0
x_53_7=0
x_53_8=0
x_53_9=0
x_53_10=0
x_53_11=0
x_53_12=0
x_53_13=0
x_53_14=0
x_53_15=0
x_53_16=0
x_53_17=0
x_53_18=0
x_53_19=0
x_53_20=0
x_53_21=0
x_53_22=0
x_53_23=0
x_53_24=0
x_53_25=0
x_53_26=0
x_53_27=0
x_53_28=0
x_53_29=0
x_53_30=0
x_53_31=0
x_53_32=0
x_53_33=0
x_53_34=0
x_53_35=0
x_53_36=0
x_53_37=0
x_53_38=0
x_53_39=0
x_53_40=0
x_54_1=0
x_54_2=0
x_54_3=0
x_54_4=0
x_54_5=0
x_54_6=0
x_54_7=0
x_54_8=0
x_54_9=0
x_54_10=0
x_54_11=0
x_54_12=0
x_54_13=0
x_54_14=0
x_54_15=0
x_54_16=0
x_54_17=0
x_54_18=0
x_54_19=0
x_54_20=0
x_54_21=0
x_54_22=0
x_54_23=0
x_54_24=0
x_54_25=0
x_54_26=0
x_54_27=0
x_54_28=0
x_54_29=0
x_54_30=0
x_54_31=0
x_54_32=0
x_54_33=0
x_54_34=0
x_54_35=0
x_54_36=0
x_54_37=0
x_54_38=0
x_54_39=0
x_54_40=0
x_55_1=0
x_55_2=0
x_55_3=0
x_55_4=0
x_55_5=0
x_55_6=0
x_55_7=0
x_55_8=0
x_55_9=0
x_55_10=0
x_55_11=0
x_55_12=0
x_55_13=0
x_55_14=0
x_55_15=0
x_55_16=0
x_55_17=0
x_55_18=0
x_55_19=0
x_55_20=0
x_55_21=0
x_55_22=0
x_55_23=0
x_55_24=0
x_55_25=0
x_55_26=0
x_55_27=0
x_55_28=0
x_55_29=0
x_55_30=0
x_55_31=0
x_55_32=0
x_55_33=0
x_55_34=0
x_55_35=0
x_55_36=0
x_55_37=0
x_55_38=0
x_55_39=0
x_55_40=0
x_56_1=0
x_56_2=0
x_56_3=0
x_56_4=0
x_56_5=0
x_56_6=0
x_56_7=0
x_56_8=1
x_56_9=0
x_56_10=0
x_56_11=0
x_56_12=0
x_56_13=0
x_56_14=0
x_56_15=0
x_56_16=0
x_56_17=0
x_56_18=0
x_56_19=0
x_56_20=0
x_56_21=0
x_56_22=0
x_56_23=0
x_56_24=0
x_56_25=0
x_56_26=0
x_56_27=0
x_56_28=0
x_56_29=0
x_56_30=0
x_56_31=0
x_56_32=0
x_56_33=0
x_56_34=0
x_56_35=0
x_56_36=0
x_56_37=0
x_56_38=0
x_56_39=0
x_56_40=0
x_57_1=0
x_57_2=0
x_57_3=0
x_57_4=0
x_57_5=0
x_57_6=0
x_57_7=0
x_57_8=0
x_57_9=0
x_57_10=0
x_57_11=0
x_57_12=0
x_57_13=0
x_57_14=0
x_57_15=0
x_57_16=0
x_57_17=0
x_57_18=0
x_57_19=0
x_57_20=0
x_57_21=0
x_57_22=0
x_57_23=0
x_57_24=0
x_57_25=0
x_57_26=0
x_57_27=0
x_57_28=0
x_57_29=0
x_57_30=0
x_57_31=0
x_57_32=0
x_57_33=0
x_57_34=0
x_57_35=0
x_57_36=0
x_57_37=0
x_57_38=0
x_57_39=0
x_57_40=0
x_58_1=0
x_58_2=0
x_58_3=0
x_58_4=0
x_58_5=0
x_58_6=0
x_58_7=0
x_58_8=0
x_58_9=0
x_58_10=0
x_58_11=0
x_58_12=0
x_58_13=0
x_58_14=0
x_58_15=0
x_58_16=0
x_58_17=0
x_58_18=0
x_58_19=0
x_58_20=0
x_58_21=0
x_58_22=0
x_58_23=0
x_58_24=0
x_58_25=0
x_58_26=0
x_58_27=0
x_58_28=0
x_58_29=0
x_58_30=0
x_58_31=0
x_58_32=0
x_58_33=0
x_58_34=0
x_58_35=0
x_58_36=0
x_58_37=0
x_58_38=0
x_58_39=0
x_58_40=0
x_59_1=0
x_59_2=0
x_59_3=0
x_59_4=0
x_59_5=0
x_59_6=0
x_59_7=0
x_59_8=0
x_59_9=0
x_59_10=0
x_59_11=0
x_59_12=0
x_59_13=0
x_59_14=0
x_59_15=0
x_59_16=0
x_59_17=0
x_59_18=0
x_59_19=0
x_59_20=0
x_59_21=0
x_59_22=0
x_59_23=0
x_59_24=0
x_59_25=0
x_59_26=0
x_59_27=0
x_59_28=0
x_59_29=0
x_59_30=0
x_59_31=0
x_59_32=0
x_59_33=0
x_59_34=0
x_59_35=0
x_59_36=0
x_59_37=0
x_59_38=0
x_59_39=0
x_59_40=0
x_60_1=0
x_60_2=0
x_60_3=0
x_60_4=0
x_60_5=0
x_60_6=0
x_60_7=0
x_60_8=0
x_60_9=0
x_60_10=0
x_60_11=0
x_60_12=0
x_60_13=0
x_60_14=0
x_60_15=0
x_60_16=0
x_60_17=0
x_60_18=0
x_60_19=0
x_60_20=0
x_60_21=0
x_60_22=0
x_60_23=0
x_60_24=0
x_60_25=0
x_60_26=0
x_60_27=0
x_60_28=0
x_60_29=0
x_60_30=0
x_60_31=0
x_60_32=0
x_60_33=0
x_60_34=0
x_60_35=0
x_60_36=0
x_60_37=0
x_60_38=0
x_60_39=0
x_60_40=0
x_61_1=0
x_61_2=0
x_61_3=0
x_61_4=0
x_61_5=0
x_61_6=0
x_61_7=1
x_61_8=0
x_61_9=0
x_61_10=0
x_61_11=0
x_61_12=0
x_61_13=0
x_61_14=0
x_61_15=0
x_61_16=0
x_61_17=0
x_61_18=0
x_61_19=0
x_61_20=0
x_61_21=0
x_61_22=0
x_61_23=0
x_61_24=0
x_61_25=0
x_61_26=0
x_61_27=0
x_61_28=0
x_61_29=0
x_61_30=0
x_61_31=0
x_61_32=0
x_61_33=0
x_61_34=0
x_61_35=0
x_61_36=0
x_61_37=0
x_61_38=0
x_61_39=0
x_61_40=0
x_62_1=0
x_62_2=0
x_62_3=0
x_62_4=0
x_62_5=0
x_62_6=0
x_62_7=0
x_62_8=0
x_62_9=0
x_62_10=0
x_62_11=0
x_62_12=0
x_62_13=0
x_62_14=0
x_62_15=0
x_62_16=0
x_62_17=0
x_62_18=0
x_62_19=0
x_62_20=0
x_62_21=0
x_62_22=0
x_62_23=0
x_62_24=0
x_62_25=0
x_62_26=0
x_62_27=0
x_62_28=0
x_62_29=0
x_62_30=0
x_62_31=0
x_62_32=0
x_62_33=0
x_62_34=0
x_62_35=0
x_62_36=0
x_62_37=0
x_62_38=0
x_62_39=0
x_62_40=0
x_63_1=0
x_63_2=0
x_63_3=0
x_63_4=0
x_63_5=0
x_63_6=0
x_63_7=0
x_63_8=0
x_63_9=0
x_63_10=0
x_63_11=0
x_63_12=0
x_63_13=0
x_63_14=0
x_63_15=0
x_63_16=0
x_63_17=0
x_63_18=0
x_63_19=0
x_63_20=0
x_63_21=0
x_63_22=0
x_63_23=0
x_63_24=0
x_63_25=0
x_63_26=0
x_63_27=0
x_63_28=0
x_63_29=0
x_63_30=0
x_63_31=0
x_63_32=0
x_63_33=0
x_63_34=0
x_63_35=0
x_63_36=0
x_63_37=0
x_63_38=0
x_63_39=0
x_63_40=0
x_64_1=0
x_64_2=0
x_64_3=0
x_64_4=0
x_64_5=0
x_64_6=0
x_64_7=0
x_64_8=0
x_64_9=0
x_64_10=0
x_64_11=0
x_64_12=0
x_64_13=0
x_64_14=0
x_64_15=0
x_64_16=0
x_64_17=0
x_64_18=0
x_64_19=0
x_64_20=0
x_64_21=0
x_64_22=0
x_64_23=0
x_64_24=0
x_64_25=0
x_64_26=0
x_64_27=0
x_64_28=0
x_64_29=0
x_64_30=0
x_64_31=0
x_64_32=0
x_64_33=0
x_64_34=0
x_64_35=0
x_64_36=0
x_64_37=0
x_64_38=0
x_64_39=0
x_64_40=0
x_65_1=0
x_65_2=0
x_65_3=0
x_65_4=0
x_65_5=0
x_65_6=0
x_65_7=0
x_65_8=0
x_65_9=0
x_65_10=0
x_65_11=0
x_65_12=0
x_65_13=0
x_65_14=0
x_65_15=0
x_65_16=0
x_65_17=0
x_65_18=0
x_65_19=0
x_65_20=0
x_65_21=0
x_65_22=0
x_65_23=0
x_65_24=0
x_65_25=0
x_65_26=0
x_65_27=0
x_65_28=0
x_65_29=0
x_65_30=0
x_65_31=0
x_65_32=0
x_65_33=0
x_65_34=0
x_65_35=0
x_65_36=0
x_65_37=0
x_65_38=0
x_65_39=0
x_65_40=0
x_66_1=0
x_66_2=0
x_66_3=0
x_66_4=0
x_66_5=0
x_66_6=0
x_66_7=0
x_66_8=0
x_66_9=0
x_66_10=0
x_66_11=0
x_66_12=0
x_66_13=0
x_66_14=0
x_66_15=0
x_66_16=0
x_66_17=0
x_66_18=0
x_66_19=0
x_66_20=0
x_66_21=0
x_66_22=0
x_66_23=0
x_66_24=0
x_66_25=0
x_66_26=0
x_66_27=0
x_66_28=0
x_66_29=0
x_66_30=0
x_66_31=0
x_66_32=0
x_66_33=0
x_66_34=0
x_66_35=0
x_66_36=0
x_66_37=0
x_66_38=0
x_66_39=0
x_66_40=0
x_67_1=0
x_67_2=0
x_67_3=0
x_67_4=0
x_67_5=0
x_67_6=0
x_67_7=0
x_67_8=0
x_67_9=0
x_67_10=0
x_67_11=0
x_67_12=0
x_67_13=0
x_67_14=0
x_67_15=0
x_67_16=0
x_67_17=0
x_67_18=0
x_67_19=0
x_67_20=0
x_67_21=0
x_67_22=0
x_67_23=0
x_67_24=0
x_67_25=0
x_67_26=0
x_67_27=0
x_67_28=0
x_67_29=0
x_67_30=0
x_67_31=0
x_67_32=0
x_67_33=0
x_67_34=0
x_67_35=0
x_67_36=0
x_67_37=0
x_67_38=0
x_67_39=0
x_67_40=0
x_68_1=0
x_68_2=0
x_68_3=0
x_68_4=0
x_68_5=0
x_68_6=0
x_68_7=0
x_68_8=0
x_68_9=0
x_68_10=0
x_68_11=0
x_68_12=0
x_68_13=0
x_68_14=0
x_68_15=0
x_68_16=0
x_68_17=0
x_68_18=0
x_68_19=0
x_68_20=0
x_68_21=0
x_68_22=0
x_68_23=0
x_68_24=0
x_68_25=0
x_68_26=0
x_68_27=0
x_68_28=0
x_68_29=0
x_68_30=0
x_68_31=0
x_68_32=0
x_68_33=0
x_68_34=0
x_68_35=0
x_68_36=0
x_68_37=0
x_68_38=0
x_68_39=0
x_68_40=0
x_69_1=0
x_69_2=0
x_69_3=0
x_69_4=0
x_69_5=0
x_69_6=0
x_69_7=0
x_69_8=1
x_69_9=0
x_69_10=0
x_69_11=0
x_69_12=0
x_69_13=0
x_69_14=0
x_69_15=0
x_69_16=0
x_69_17=0
x_69_18=0
x_69_19=0
x_69_20=0
x_69_21=0
x_69_22=0
x_69_23=0
x_69_24=0
x_69_25=0
x_69_26=0
x_69_27=0
x_69_28=0
x_69_29=0
x_69_30=0
x_69_31=0
x_69_32=0
x_69_33=0
x_69_34=0
x_69_35=0
x_69_36=0
x_69_37=0
x_69_38=0
x_69_39=0
x_69_40=0
x_70_1=0
x_70_2=0
x_70_3=0
x_70_4=0
x_70_5=0
x_70_6=0
x_70_7=0
x_70_8=0
x_70_9=0
x_70_10=0
x_70_11=0
x_70_12=0
x_70_13=0
x_70_14=0
x_70_15=0
x_70_16=0
x_70_17=0
x_70_18=0
x_70_19=0
x_70_20=0
x_70_21=0
x_70_22=0
x_70_23=0
x_70_24=0
x_70_25=0
x_70_26=0
x_70_27=0
x_70_28=0
x_70_29=0
x_70_30=0
x_70_31=0
x_70_32=0
x_70_33=0
x_70_34=0
x_70_35=0
x_70_36=0
x_70_37=0
x_70_38=0
x_70_39=0
x_70_40=0
x_71_1=0
x_71_2=0
x_71_3=0
x_71_4=0
x_71_5=0
x_71_6=0
x_71_7=0
x_71_8=0
x_71_9=0
x_71_10=0
x_71_11=0
x_71_12=0
x_71_13=0
x_71_14=0
x_71_15=0
x_71_16=0
x_71_17=0
x_71_18=0
x_71_19=0
x_71_20=0
x_71_21=0
x_71_22=0
x_71_23=0
x_71_24=0
x_71_25=0
x_71_26=0
x_71_27=0
x_71_28=0
x_71_29=0
x_71_30=0
x_71_31=0
x_71_32=0
x_71_33=0
x_71_34=0
x_71_35=0
x_71_36=0
x_71_37=0
x_71_38=0
x_71_39=0
x_71_40=0
x_72_1=0
x_72_2=0
x_72_3=0
x_72_4=0
x_72_5=0
x_72_6=0
x_72_7=0
x_72_8=0
x_72_9=0
x_72_10=0
x_72_11=0
x_72_12=0
x_72_13=0
x_72_14=0
x_72_15=0
x_72_16=0
x_72_17=0
x_72_18=0
x_72_19=0
x_72_20=0
x_72_21=0
x_72_22=0
x_72_23=0
x_72_24=0
x_72_25=0
x_72_26=0
x_72_27=0
x_72_28=0
x_72_29=0
x_72_30=0
x_72_31=0
x_72_32=0
x_72_33=0
x_72_34=0
x_72_35=0
x_72_36=0
x_72_37=0
x_72_38=0
x_72_39=0
x_72_40=0
x_73_1=0
x_73_2=0
x_73_3=0
x_73_4=0
x_73_5=0
x_73_6=0
x_73_7=0
x_73_8=0
x_73_9=0
x_73_10=0
x_73_11=0
x_73_12=0
x_73_13=0
x_73_14=0
x_73_15=0
x_73_16=0
x_73_17=0
x_73_18=0
x_73_19=0
x_73_20=0
x_73_21=0
x_73_22=0
x_73_23=0
x_73_24=0
x_73_25=0
x_73_26=0
x_73_27=0
x_73_28=0
x_73_29=0
x_73_30=0
x_73_31=0
x_73_32=0
x_73_33=0
x_73_34=0
x_73_35=0
x_73_36=0
x_73_37=0
x_73_38=0
x_73_39=0
x_73_40=0
x_74_1=0
x_74_2=0
x_74_3=0
x_74_4=0
x_74_5=0
x_74_6=0
x_74_7=0
x_74_8=0
x_74_9=0
x_74_10=0
x_74_11=0
x_74_12=0
x_74_13=0
x_74_14=0
x_74_15=0
x_74_16=0
x_74_17=0
x_74_18=0
x_74_19=0
x_74_20=0
x_74_21=0
x_74_22=0
x_74_23=0
x_74_24=0
x_74_25=0
x_74_26=0
x_74_27=0
x_74_28=0
x_74_29=0
x_74_30=0
x_74_31=0
x_74_32=0
x_74_33=0
x_74_34=0
x_74_35=0
x_74_36=0
x_74_37=0
x_74_38=0
x_74_39=0
x_74_40=0
x_75_1=0
x_75_2=0
x_75_3=0
x_75_4=0
x_75_5=0
x_75_6=0
x_75_7=0
x_75_8=0
x_75_9=0
x_75_10=0
x_75_11=0
x_75_12=0
x_75_13=0
x_75_14=0
x_75_15=0
x_75_16=0
x_75_17=0
x_75_18=0
x_75_19=0
x_75_20=0
x_75_21=0
x_75_22=0
x_75_23=0
x_75_24=0
x_75_25=0
x_75_26=0
x_75_27=0
x_75_28=0
x_75_29=0
x_75_30=0
x_75_31=0
x_75_32=0
x_75_33=0
x_75_34=0
x_75_35=0
x_75_36=0
x_75_37=0
x_75_38=0
x_75_39=0
x_75_40=0
x_76_1=0
x_76_2=0
x_76_3=0
x_76_4=0
x_76_5=0
x_76_6=0
x_76_7=0
x_76_8=0
x_76_9=0
x_76_10=0
x_76_11=0
x_76_12=0
x_76_13=0
x_76_14=0
x_76_15=0
x_76_16=0
x_76_17=0
x_76_18=0
x_76_19=0
x_76_20=0
x_76_21=0
x_76_22=0
x_76_23=0
x_76_24=0
x_76_25=0
x_76_26=0
x_76_27=0
x_76_28=0
x_76_29=0
x_76_30=0
x_76_31=0
x_76_32=0
x_76_33=0
x_76_34=0
x_76_35=0
x_76_36=0
x_76_37=0
x_76_38=0
x_76_39=0
x_76_40=0
x_77_1=0
x_77_2=0
x_77_3=0
x_77_4=0
x_77_5=0
x_77_6=0
x_77_7=0
x_77_8=0
x_77_9=0
x_77_10=0
x_77_11=0
x_77_12=0
x_77_13=0
x_77_14=0
x_77_15=0
x_77_16=0
x_77_17=0
x_77_18=0
x_77_19=0
x_77_20=0
x_77_21=0
x_77_22=0
x_77_23=0
x_77_24=0
x_77_25=0
x_77_26=0
x_77_27=0
x_77_28=0
x_77_29=0
x_77_30=0
x_77_31=0
x_77_32=0
x_77_33=0
x_77_34=0
x_77_35=0
x_77_36=0
x_77_37=0
x_77_38=0
x_77_39=0
x_77_40=0
x_78_1=0
x_78_2=0
x_78_3=0
x_78_4=0
x_78_5=0
x_78_6=0
x_78_7=0
x_78_8=0
x_78_9=0
x_78_10=0
x_78_11=0
x_78_12=0
x_78_13=0
x_78_14=0
x_78_15=0
x_78_16=0
x_78_17=0
x_78_18=0
x_78_19=0
x_78_20=0
x_78_21=0
x_78_22=0
x_78_23=0
x_78_24=0
x_78_25=0
x_78_26=0
x_78_27=0
x_78_28=0
x_78_29=0
x_78_30=0
x_78_31=0
x_78_32=0
x_78_33=0
x_78_34=0
x_78_35=0
x_78_36=0
x_78_37=0
x_78_38=0
x_78_39=0
x_78_40=0
x_79_1=0
x_79_2=0
x_79_3=0
x_79_4=0
x_79_5=0
x_79_6=0
x_79_7=0
x_79_8=0
x_79_9=0
x_79_10=0
x_79_11=0
x_79_12=0
x_79_13=0
x_79_14=0
x_79_15=0
x_79_16=0
x_79_17=0
x_79_18=0
x_79_19=0
x_79_20=0
x_79_21=0
x_79_22=0
x_79_23=0
x_79_24=0
x_79_25=0
x_79_26=0
x_79_27=0
x_79_28=0
x_79_29=0
x_79_30=0
x_79_31=0
x_79_32=0
x_79_33=0
x_79_34=0
x_79_35=0
x_79_36=0
x_79_37=0
x_79_38=0
x_79_39=0
x_79_40=0
x_80_1=0
x_80_2=0
x_80_3=0
x_80_4=0
x_80_5=0
x_80_6=0
x_80_7=0
x_80_8=0
x_80_9=0
x_80_10=0
x_80_11=0
x_80_12=0
x_80_13=0
x_80_14=0
x_80_15=0
x_80_16=0
x_80_17=0
x_80_18=0
x_80_19=0
x_80_20=0
x_80_21=0
x_80_22=0
x_80_23=0
x_80_24=0
x_80_25=0
x_80_26=0
x_80_27=0
x_80_28=0
x_80_29=0
x_80_30=0
x_80_31=0
x_80_32=0
x_80_33=0
x_80_34=0
x_80_35=0
x_80_36=0
x_80_37=0
x_80_38=0
x_80_39=0
x_80_40=0
x_81_1=0
x_81_2=0
x_81_3=0
x_81_4=0
x_81_5=0
x_81_6=0
x_81_7=0
x_81_8=0
x_81_9=0
x_81_10=0
x_81_11=1
x_81_12=0
x_81_13=0
x_81_14=0
x_81_15=0
x_81_16=0
x_81_17=0
x_81_18=0
x_81_19=0
x_81_20=0
x_81_21=0
x_81_22=0
x_81_23=0
x_81_24=0
x_81_25=0
x_81_26=0
x_81_27=0
x_81_28=0
x_81_29=0
x_81_30=0
x_81_31=0
x_81_32=0
x_81_33=0
x_81_34=0
x_81_35=0
x_81_36=0
x_81_37=0
x_81_38=0
x_81_39=0
x_81_40=0
x_82_1=0
x_82_2=0
x_82_3=0
x_82_4=0
x_82_5=0
x_82_6=0
x_82_7=0
x_82_8=0
x_82_9=0
x_82_10=0
x_82_11=0
x_82_12=0
x_82_13=0
x_82_14=0
x_82_15=0
x_82_16=0
x_82_17=0
x_82_18=0
x_82_19=0
x_82_20=0
x_82_21=0
x_82_22=0
x_82_23=0
x_82_24=0
x_82_25=0
x_82_26=0
x_82_27=0
x_82_28=0
x_82_29=0
x_82_30=0
x_82_31=0
x_82_32=0
x_82_33=0
x_82_34=0
x_82_35=0
x_82_36=0
x_82_37=0
x_82_38=0
x_82_39=0
x_82_40=0
x_83_1=0
x_83_2=0
x_83_3=0
x_83_4=0
x_83_5=0
x_83_6=0
x_83_7=0
x_83_8=0
x_83_9=0
x_83_10=0
x_83_11=0
x_83_12=0
x_83_13=0
x_83_14=0
x_83_15=0
x_83_16=0
x_83_17=0
x_83_18=0
x_83_19=0
x_83_20=0
x_83_21=0
x_83_22=0
x_83_23=0
x_83_24=0
x_83_25=0
x_83_26=0
x_83_27=0
x_83_28=0
x_83_29=0
x_83_30=0
x_83_31=0
x_83_32=0
x_83_33=0
x_83_34=0
x_83_35=0
x_83_36=0
x_83_37=0
x_83_38=0
x_83_39=0
x_83_40=0
x_84_1=0
x_84_2=0
x_84_3=0
x_84_4=0
x_84_5=0
x_84_6=0
x_84_7=0
x_84_8=0
x_84_9=0
x_84_10=0
x_84_11=0
x_84_12=0
x_84_13=0
x_84_14=0
x_84_15=0
x_84_16=0
x_84_17=0
x_84_18=0
x_84_19=0
x_84_20=0
x_84_21=0
x_84_22=0
x_84_23=0
x_84_24=0
x_84_25=0
x_84_26=0
x_84_27=0
x_84_28=0
x_84_29=0
x_84_30=0
x_84_31=0
x_84_32=0
x_84_33=0
x_84_34=0
x_84_35=0
x_84_36=0
x_84_37=0
x_84_38=0
x_84_39=0
x_84_40=0
x_85_1=0
x_85_2=0
x_85_3=0
x_85_4=0
x_85_5=0
x_85_6=0
x_85_7=0
x_85_8=0
x_85_9=0
x_85_10=0
x_85_11=0
x_85_12=0
x_85_13=0
x_85_14=0
x_85_15=0
x_85_16=0
x_85_17=0
x_85_18=0
x_85_19=0
x_85_20=0
x_85_21=0
x_85_22=0
x_85_23=0
x_85_24=0
x_85_25=0
x_85_26=0
x_85_27=0
x_85_28=0
x_85_29=0
x_85_30=0
x_85_31=0
x_85_32=0
x_85_33=0
x_85_34=0
x_85_35=0
x_85_36=0
x_85_37=0
x_85_38=0
x_85_39=0
x_85_40=0
x_86_1=0
x_86_2=0
x_86_3=0
x_86_4=0
x_86_5=0
x_86_6=0
x_86_7=0
x_86_8=0
x_86_9=0
x_86_10=0
x_86_11=0
x_86_12=0
x_86_13=0
x_86_14=0
x_86_15=0
x_86_16=0
x_86_17=0
x_86_18=0
x_86_19=0
x_86_20=0
x_86_21=0
x_86_22=0
x_86_23=0
x_86_24=0
x_86_25=0
x_86_26=0
x_86_27=0
x_86_28=0
x_86_29=0
x_86_30=0
x_86_31=0
x_86_32=0
x_86_33=0
x_86_34=0
x_86_35=0
x_86_36=0
x_86_37=0
x_86_38=0
x_86_39=0
x_86_40=0
x_87_1=0
x_87_2=0
x_87_3=0
x_87_4=0
x_87_5=0
x_87_6=0
x_87_7=0
x_87_8=0
x_87_9=0
x_87_10=0
x_87_11=0
x_87_12=0
x_87_13=0
x_87_14=0
x_87_15=0
x_87_16=0
x_87_17=0
x_87_18=0
x_87_19=0
x_87_20=0
x_87_21=0
x_87_22=0
x_87_23=0
x_87_24=0
x_87_25=0
x_87_26=0
x_87_27=0
x_87_28=0
x_87_29=0
x_87_30=0
x_87_31=0
x_87_32=0
x_87_33=0
x_87_34=0
x_87_35=0
x_87_36=0
x_87_37=0
x_87_38=0
x_87_39=0
x_87_40=0
x_88_1=0
x_88_2=0
x_88_3=0
x_88_4=0
x_88_5=0
x_88_6=0
x_88_7=0
x_88_8=0
x_88_9=0
x_88_10=0
x_88_11=0
x_88_12=0
x_88_13=0
x_88_14=0
x_88_15=0
x_88_16=0
x_88_17=0
x_88_18=0
x_88_19=0
x_88_20=0
x_88_21=0
x_88_22=0
x_88_23=0
x_88_24=0
x_88_25=0
x_88_26=0
x_88_27=0
x_88_28=0
x_88_29=0
x_88_30=0
x_88_31=0
x_88_32=0
x_88_33=0
x_88_34=0
x_88_35=0
x_88_36=0
x_88_37=0
x_88_38=0
x_88_39=0
x_88_40=0
x_89_1=0
x_89_2=0
x_89_3=0
x_89_4=0
x_89_5=0
x_89_6=0
x_89_7=0
x_89_8=0
x_89_9=0
x_89_10=0
x_89_11=0
x_89_12=0
x_89_13=0
x_89_14=0
x_89_15=0
x_89_16=0
x_89_17=0
x_89_18=0
x_89_19=0
x_89_20=0
x_89_21=0
x_89_22=0
x_89_23=0
x_89_24=0
x_89_25=0
x_89_26=0
x_89_27=0
x_89_28=0
x_89_29=0
x_89_30=0
x_89_31=0
x_89_32=0
x_89_33=0
x_89_34=0
x_89_35=0
x_89_36=0
x_89_37=0
x_89_38=0
x_89_39=0
x_89_40=0
x_90_1=0
x_90_2=0
x_90_3=0
x_90_4=0
x_90_5=0
x_90_6=0
x_90_7=0
x_90_8=0
x_90_9=0
x_90_10=0
x_90_11=0
x_90_12=0
x_90_13=0
x_90_14=0
x_90_15=0
x_90_16=0
x_90_17=0
x_90_18=0
x_90_19=0
x_90_20=0
x_90_21=0
x_90_22=0
x_90_23=0
x_90_24=0
x_90_25=0
x_90_26=0
x_90_27=0
x_90_28=0
x_90_29=0
x_90_30=0
x_90_31=0
x_90_32=0
x_90_33=0
x_90_34=0
x_90_35=0
x_90_36=0
x_90_37=0
x_90_38=0
x_90_39=0
x_90_40=0
x_91_1=0
x_91_2=0
x_91_3=0
x_91_4=0
x_91_5=0
x_91_6=0
x_91_7=0
x_91_8=0
x_91_9=0
x_91_10=0
x_91_11=0
x_91_12=0
x_91_13=0
x_91_14=0
x_91_15=0
x_91_16=0
x_91_17=0
x_91_18=0
x_91_19=0
x_91_20=0
x_91_21=0
x_91_22=0
x_91_23=0
x_91_24=0
x_91_25=0
x_91_26=0
x_91_27=0
x_91_28=0
x_91_29=0
x_91_30=0
x_91_31=0
x_91_32=0
x_91_33=0
x_91_34=0
x_91_35=0
x_91_36=0
x_91_37=0
x_91_38=0
x_91_39=0
x_91_40=0
x_92_1=0
x_92_2=0
x_92_3=0
x_92_4=0
x_92_5=0
x_92_6=0
x_92_7=0
x_92_8=0
x_92_9=0
x_92_10=0
x_92_11=0
x_92_12=0
x_92_13=0
x_92_14=0
x_92_15=0
x_92_16=0
x_92_17=0
x_92_18=0
x_92_19=0
x_92_20=0
x_92_21=0
x_92_22=0
x_92_23=0
x_92_24=0
x_92_25=0
x_92_26=0
x_92_27=0
x_92_28=0
x_92_29=0
x_92_30=0
x_92_31=0
x_92_32=0
x_92_33=0
x_92_34=0
x_92_35=0
x_92_36=0
x_92_37=0
x_92_38=0
x_92_39=0
x_92_40=0
x_93_1=0
x_93_2=0
x_93_3=0
x_93_4=0
x_93_5=0
x_93_6=0
x_93_7=0
x_93_8=0
x_93_9=0
x_93_10=0
x_93_11=0
x_93_12=0
x_93_13=0
x_93_14=0
x_93_15=0
x_93_16=0
x_93_17=0
x_93_18=0
x_93_19=0
x_93_20=0
x_93_21=0
x_93_22=0
x_93_23=0
x_93_24=0
x_93_25=0
x_93_26=0
x_93_27=0
x_93_28=0
x_93_29=0
x_93_30=0
x_93_31=0
x_93_32=0
x_93_33=0
x_93_34=0
x_93_35=0
x_93_36=0
x_93_37=0
x_93_38=0
x_93_39=0
x_93_40=0
x_94_1=0
x_94_2=0
x_94_3=0
x_94_4=0
x_94_5=0
x_94_6=0
x_94_7=0
x_94_8=0
x_94_9=0
x_94_10=0
x_94_11=0
x_94_12=0
x_94_13=0
x_94_14=0
x_94_15=0
x_94_16=0
x_94_17=0
x_94_18=0
x_94_19=0
x_94_20=0
x_94_21=0
x_94_22=0
x_94_23=0
x_94_24=0
x_94_25=0
x_94_26=0
x_94_27=0
x_94_28=0
x_94_29=0
x_94_30=0
x_94_31=0
x_94_32=0
x_94_33=0
x_94_34=0
x_94_35=0
x_94_36=0
x_94_37=0
x_94_38=0
x_94_39=0
x_94_40=0
x_95_1=0
x_95_2=0
x_95_3=0
x_95_4=0
x_95_5=0
x_95_6=0
x_95_7=0
x_95_8=0
x_95_9=0
x_95_10=0
x_95_11=0
x_95_12=0
x_95_13=0
x_95_14=0
x_95_15=0
x_95_16=0
x_95_17=0
x_95_18=0
x_95_19=0
x_95_20=0
x_95_21=0
x_95_22=0
x_95_23=0
x_95_24=0
x_95_25=0
x_95_26=0
x_95_27=0
x_95_28=0
x_95_29=0
x_95_30=0
x_95_31=0
x_95_32=0
x_95_33=0
x_95_34=0
x_95_35=0
x_95_36=0
x_95_37=0
x_95_38=0
x_95_39=0
x_95_40=0
x_96_1=0
x_96_2=0
x_96_3=0
x_96_4=0
x_96_5=0
x_96_6=0
x_96_7=0
x_96_8=0
x_96_9=0
x_96_10=0
x_96_11=0
x_96_12=0
x_96_13=0
x_96_14=0
x_96_15=0
x_96_16=0
x_96_17=0
x_96_18=0
x_96_19=0
x_96_20=0
x_96_21=0
x_96_22=0
x_96_23=0
x_96_24=0
x_96_25=0
x_96_26=0
x_96_27=0
x_96_28=0
x_96_29=0
x_96_30=0
x_96_31=0
x_96_32=0
x_96_33=0
x_96_34=0
x_96_35=0
x_96_36=0
x_96_37=0
x_96_38=0
x_96_39=0
x_96_40=0
x_97_1=0
x_97_2=0
x_97_3=0
x_97_4=0
x_97_5=0
x_97_6=0
x_97_7=0
x_97_8=0
x_97_9=0
x_97_10=0
x_97_11=0
x_97_12=0
x_97_13=0
x_97_14=0
x_97_15=0
x_97_16=0
x_97_17=0
x_97_18=0
x_97_19=0
x_97_20=0
x_97_21=0
x_97_22=0
x_97_23=0
x_97_24=0
x_97_25=0
x_97_26=0
x_97_27=0
x_97_28=0
x_97_29=0
x_97_30=0
x_97_31=0
x_97_32=0
x_97_33=0
x_97_34=0
x_97_35=0
x_97_36=0
x_97_37=0
x_97_38=0
x_97_39=0
x_97_40=0
x_98_1=0
x_98_2=0
x_98_3=0
x_98_4=0
x_98_5=0
x_98_6=0
x_98_7=0
x_98_8=0
x_98_9=0
x_98_10=0
x_98_11=0
x_98_12=0
x_98_13=0
x_98_14=0
x_98_15=0
x_98_16=0
x_98_17=0
x_98_18=0
x_98_19=0
x_98_20=0
x_98_21=0
x_98_22=0
x_98_23=0
x_98_24=0
x_98_25=0
x_98_26=0
x_98_27=0
x_98_28=0
x_98_29=0
x_98_30=0
x_98_31=0
x_98_32=0
x_98_33=0
x_98_34=0
x_98_35=0
x_98_36=0
x_98_37=0
x_98_38=0
x_98_39=0
x_98_40=0
x_99_1=0
x_99_2=0
x_99_3=0
x_99_4=0
x_99_5=0
x_99_6=0
x_99_7=0
x_99_8=0
x_99_9=0
x_99_10=0
x_99_11=0
x_99_12=0
x_99_13=0
x_99_14=0
x_99_15=0
x_99_16=0
x_99_17=0
x_99_18=0
x_99_19=0
x_99_20=0
x_99_21=0
x_99_22=0
x_99_23=0
x_99_24=0
x_99_25=0
x_99_26=0
x_99_27=0
x_99_28=0
x_99_29=0
x_99_30=0
x_99_31=0
x_99_32=0
x_99_33=0
x_99_34=0
x_99_35=0
x_99_36=0
x_99_37=0
x_99_38=0
x_99_39=0
x_99_40=0
x_100_1=0
x_100_2=0
x_100_3=0
x_100_4=0
x_100_5=0
x_100_6=0
x_100_7=0
x_100_8=0
x_100_9=0
x_100_10=0
x_100_11=0
x_100_12=0
x_100_13=0
x_100_14=0
x_100_15=0
x_100_16=0
x_100_17=0
x_100_18=0
x_100_19=0
x_100_20=0
x_100_21=0
x_100_22=0
x_100_23=0
x_100_24=0
x_100_25=0
x_100_26=0
x_100_27=0
x_100_28=0
x_100_29=0
x_100_30=0
x_100_31=0
x_100_32=0
x_100_33=0
x_100_34=0
x_100_35=0
x_100_36=0
x_100_37=0
x_100_38=0
x_100_39=0
x_100_40=0
x_101_1=0
x_101_2=0
x_101_3=0
x_101_4=0
x_101_5=0
x_101_6=0
x_101_7=0
x_101_8=0
x_101_9=0
x_101_10=0
x_101_11=0
x_101_12=0
x_101_13=0
x_101_14=0
x_101_15=0
x_101_16=0
x_101_17=0
x_101_18=0
x_101_19=0
x_101_20=0
x_101_21=0
x_101_22=0
x_101_23=0
x_101_24=0
x_101_25=0
x_101_26=0
x_101_27=0
x_101_28=0
x_101_29=0
x_101_30=0
x_101_31=0
x_101_32=0
x_101_33=0
x_101_34=0
x_101_35=0
x_101_36=0
x_101_37=0
x_101_38=0
x_101_39=0
x_101_40=0
x_102_1=0
x_102_2=0
x_102_3=0
x_102_4=0
x_102_5=0
x_102_6=0
x_102_7=0
x_102_8=0
x_102_9=0
x_102_10=0
x_102_11=0
x_102_12=0
x_102_13=0
x_102_14=0
x_102_15=0
x_102_16=0
x_102_17=0
x_102_18=0
x_102_19=0
x_102_20=0
x_102_21=0
x_102_22=0
x_102_23=0
x_102_24=0
x_102_25=0
x_102_26=0
x_102_27=0
x_102_28=0
x_102_29=0
x_102_30=0
x_102_31=0
x_102_32=0
x_102_33=0
x_102_34=0
x_102_35=0
x_102_36=0
x_102_37=0
x_102_38=0
x_102_39=0
x_102_40=0
x_103_1=0
x_103_2=0
x_103_3=0
x_103_4=0
x_103_5=0
x_103_6=0
x_103_7=0
x_103_8=0
x_103_9=0
x_103_10=0
x_103_11=0
x_103_12=0
x_103_13=0
x_103_14=0
x_103_15=0
x_103_16=0
x_103_17=0
x_103_18=0
x_103_19=0
x_103_20=0
x_103_21=0
x_103_22=0
x_103_23=0
x_103_24=0
x_103_25=0
x_103_26=0
x_103_27=0
x_103_28=0
x_103_29=0
x_103_30=0
x_103_31=0
x_103_32=0
x_103_33=0
x_103_34=0
x_103_35=0
x_103_36=0
x_103_37=0
x_103_38=0
x_103_39=0
x_103_40=0
x_104_1=0
x_104_2=0
x_104_3=0
x_104_4=0
x_104_5=0
x_104_6=0
x_104_7=0
x_104_8=0
x_104_9=0
x_104_10=0
x_104_11=0
x_104_12=0
x_104_13=0
x_104_14=0
x_104_15=0
x_104_16=0
x_104_17=0
x_104_18=0
x_104_19=0
x_104_20=0
x_104_21=0
x_104_22=0
x_104_23=0
x_104_24=0
x_104_25=0
x_104_26=0
x_104_27=0
x_104_28=0
x_104_29=0
x_104_30=0
x_104_31=0
x_104_32=0
x_104_33=0
x_104_34=0
x_104_35=0
x_104_36=0
x_104_37=0
x_104_38=0
x_104_39=0
x_104_40=0
x_105_1=0
x_105_2=0
x_105_3=0
x_105_4=0
x_105_5=0
x_105_6=0
x_105_7=0
x_105_8=0
x_105_9=0
x_105_10=0
x_105_11=0
x_105_12=0
x_105_13=0
x_105_14=0
x_105_15=0
x_105_16=0
x_105_17=0
x_105_18=0
x_105_19=0
x_105_20=0
x_105_21=0
x_105_22=0
x_105_23=0
x_105_24=0
x_105_25=0
x_105_26=0
x_105_27=0
x_105_28=0
x_105_29=0
x_105_30=0
x_105_31=0
x_105_32=0
x_105_33=0
x_105_34=0
x_105_35=0
x_105_36=0
x_105_37=0
x_105_38=0
x_105_39=0
x_105_40=0
x_106_1=0
x_106_2=0
x_106_3=0
x_106_4=0
x_106_5=0
x_106_6=0
x_106_7=0
x_106_8=0
x_106_9=0
x_106_10=0
x_106_11=0
x_106_12=0
x_106_13=0
x_106_14=0
x_106_15=0
x_106_16=0
x_106_17=0
x_106_18=0
x_106_19=0
x_106_20=0
x_106_21=0
x_106_22=0
x_106_23=0
x_106_24=0
x_106_25=0
x_106_26=0
x_106_27=0
x_106_28=0
x_106_29=0
x_106_30=0
x_106_31=0
x_106_32=0
x_106_33=0
x_106_34=0
x_106_35=0
x_106_36=0
x_106_37=0
x_106_38=0
x_106_39=0
x_106_40=0
x_107_1=0
x_107_2=0
x_107_3=0
x_107_4=0
x_107_5=0
x_107_6=0
x_107_7=0
x_107_8=0
x_107_9=0
x_107_10=0
x_107_11=0
x_107_12=0
x_107_13=0
x_107_14=0
x_107_15=0
x_107_16=0
x_107_17=0
x_107_18=0
x_107_19=0
x_107_20=0
x_107_21=0
x_107_22=0
x_107_23=0
x_107_24=0
x_107_25=0
x_107_26=0
x_107_27=0
x_107_28=0
x_107_29=0
x_107_30=0
x_107_31=0
x_107_32=0
x_107_33=0
x_107_34=0
x_107_35=0
x_107_36=0
x_107_37=0
x_107_38=0
x_107_39=0
x_107_40=0
x_108_1=0
x_108_2=0
x_108_3=0
x_108_4=0
x_108_5=0
x_108_6=0
x_108_7=0
x_108_8=0
x_108_9=0
x_108_10=0
x_108_11=0
x_108_12=0
x_108_13=0
x_108_14=0
x_108_15=0
x_108_16=0
x_108_17=0
x_108_18=0
x_108_19=0
x_108_20=0
x_108_21=0
x_108_22=0
x_108_23=0
x_108_24=0
x_108_25=0
x_108_26=0
x_108_27=0
x_108_28=0
x_108_29=0
x_108_30=0
x_108_31=0
x_108_32=0
x_108_33=0
x_108_34=0
x_108_35=0
x_108_36=0
x_108_37=0
x_108_38=0
x_108_39=0
x_108_40=0
x_109_1=0
x_109_2=0
x_109_3=0
x_109_4=0
x_109_5=0
x_109_6=0
x_109_7=0
x_109_8=0
x_109_9=0
x_109_10=0
x_109_11=0
x_109_12=0
x_109_13=0
x_109_14=0
x_109_15=0
x_109_16=0
x_109_17=0
x_109_18=0
x_109_19=0
x_109_20=0
x_109_21=0
x_109_22=0
x_109_23=0
x_109_24=0
x_109_25=0
x_109_26=0
x_109_27=0
x_109_28=0
x_109_29=0
x_109_30=0
x_109_31=0
x_109_32=0
x_109_33=0
x_109_34=0
x_109_35=0
x_109_36=0
x_109_37=0
x_109_38=0
x_109_39=0
x_109_40=0
x_110_1=0
x_110_2=0
x_110_3=0
x_110_4=0
x_110_5=0
x_110_6=0
x_110_7=0
x_110_8=0
x_110_9=0
x_110_10=0
x_110_11=0
x_110_12=0
x_110_13=0
x_110_14=0
x_110_15=0
x_110_16=0
x_110_17=0
x_110_18=0
x_110_19=0
x_110_20=0
x_110_21=0
x_110_22=0
x_110_23=0
x_110_24=0
x_110_25=0
x_110_26=0
x_110_27=0
x_110_28=0
x_110_29=0
x_110_30=0
x_110_31=0
x_110_32=0
x_110_33=0
x_110_34=0
x_110_35=0
x_110_36=0
x_110_37=0
x_110_38=0
x_110_39=0
x_110_40=0
x_111_1=0
x_111_2=0
x_111_3=0
x_111_4=0
x_111_5=0
x_111_6=0
x_111_7=0
x_111_8=0
x_111_9=0
x_111_10=0
x_111_11=0
x_111_12=0
x_111_13=0
x_111_14=0
x_111_15=0
x_111_16=0
x_111_17=0
x_111_18=0
x_111_19=0
x_111_20=0
x_111_21=0
x_111_22=0
x_111_23=0
x_111_24=0
x_111_25=0
x_111_26=0
x_111_27=0
x_111_28=0
x_111_29=0
x_111_30=0
x_111_31=0
x_111_32=0
x_111_33=0
x_111_34=0
x_111_35=0
x_111_36=0
x_111_37=0
x_111_38=0
x_111_39=0
x_111_40=0
x_112_1=0
x_112_2=0
x_112_3=0
x_112_4=0
x_112_5=0
x_112_6=0
x_112_7=0
x_112_8=0
x_112_9=0
x_112_10=0
x_112_11=0
x_112_12=0
x_112_13=0
x_112_14=0
x_112_15=0
x_112_16=0
x_112_17=0
x_112_18=0
x_112_19=0
x_112_20=0
x_112_21=0
x_112_22=0
x_112_23=0
x_112_24=0
x_112_25=0
x_112_26=0
x_112_27=0
x_112_28=0
x_112_29=0
x_112_30=0
x_112_31=0
x_112_32=0
x_112_33=0
x_112_34=0
x_112_35=0
x_112_36=0
x_112_37=0
x_112_38=0
x_112_39=0
x_112_40=0
x_113_1=0
x_113_2=0
x_113_3=0
x_113_4=0
x_113_5=0
x_113_6=0
x_113_7=0
x_113_8=0
x_113_9=0
x_113_10=0
x_113_11=0
x_113_12=0
x_113_13=0
x_113_14=0
x_113_15=0
x_113_16=0
x_113_17=0
x_113_18=0
x_113_19=0
x_113_20=0
x_113_21=0
x_113_22=0
x_113_23=0
x_113_24=0
x_113_25=0
x_113_26=0
x_113_27=0
x_113_28=0
x_113_29=0
x_113_30=0
x_113_31=0
x_113_32=0
x_113_33=0
x_113_34=0
x_113_35=0
x_113_36=0
x_113_37=0
x_113_38=0
x_113_39=0
x_113_40=0
x_114_1=0
x_114_2=0
x_114_3=0
x_114_4=0
x_114_5=0
x_114_6=0
x_114_7=0
x_114_8=0
x_114_9=0
x_114_10=0
x_114_11=0
x_114_12=0
x_114_13=0
x_114_14=0
x_114_15=0
x_114_16=0
x_114_17=0
x_114_18=0
x_114_19=0
x_114_20=0
x_114_21=0
x_114_22=0
x_114_23=0
x_114_24=0
x_114_25=0
x_114_26=0
x_114_27=0
x_114_28=0
x_114_29=0
x_114_30=0
x_114_31=0
x_114_32=0
x_114_33=0
x_114_34=0
x_114_35=0
x_114_36=0
x_114_37=0
x_114_38=0
x_114_39=0
x_114_40=0
x_115_1=0
x_115_2=0
x_115_3=0
x_115_4=0
x_115_5=0
x_115_6=0
x_115_7=0
x_115_8=0
x_115_9=0
x_115_10=0
x_115_11=0
x_115_12=0
x_115_13=0
x_115_14=0
x_115_15=0
x_115_16=0
x_115_17=0
x_115_18=0
x_115_19=0
x_115_20=0
x_115_21=0
x_115_22=0
x_115_23=0
x_115_24=0
x_115_25=0
x_115_26=0
x_115_27=0
x_115_28=0
x_115_29=0
x_115_30=0
x_115_31=0
x_115_32=0
x_115_33=0
x_115_34=0
x_115_35=0
x_115_36=0
x_115_37=0
x_115_38=0
x_115_39=0
x_115_40=0
x_116_1=0
x_116_2=0
x_116_3=0
x_116_4=0
x_116_5=0
x_116_6=0
x_116_7=0
x_116_8=0
x_116_9=0
x_116_10=0
x_116_11=0
x_116_12=0
x_116_13=0
x_116_14=0
x_116_15=0
x_116_16=0
x_116_17=0
x_116_18=0
x_116_19=0
x_116_20=0
x_116_21=0
x_116_22=0
x_116_23=0
x_116_24=0
x_116_25=0
x_116_26=0
x_116_27=0
x_116_28=0
x_116_29=0
x_116_30=0
x_116_31=0
x_116_32=0
x_116_33=0
x_116_34=0
x_116_35=0
x_116_36=0
x_116_37=0
x_116_38=0
x_116_39=0
x_116_40=0
x_117_1=0
x_117_2=0
x_117_3=0
x_117_4=0
x_117_5=0
x_117_6=0
x_117_7=0
x_117_8=0
x_117_9=0
x_117_10=0
x_117_11=0
x_117_12=0
x_117_13=0
x_117_14=0
x_117_15=0
x_117_16=0
x_117_17=0
x_117_18=0
x_117_19=0
x_117_20=0
x_117_21=0
x_117_22=0
x_117_23=0
x_117_24=0
x_117_25=0
x_117_26=0
x_117_27=0
x_117_28=0
x_117_29=0
x_117_30=0
x_117_31=0
x_117_32=0
x_117_33=0
x_117_34=0
x_117_35=0
x_117_36=0
x_117_37=0
x_117_38=0
x_117_39=0
x_117_40=0
x_118_1=0
x_118_2=0
x_118_3=0
x_118_4=0
x_118_5=0
x_118_6=0
x_118_7=0
x_118_8=0
x_118_9=0
x_118_10=0
x_118_11=0
x_118_12=0
x_118_13=0
x_118_14=0
x_118_15=0
x_118_16=0
x_118_17=0
x_118_18=0
x_118_19=0
x_118_20=0
x_118_21=0
x_118_22=0
x_118_23=0
x_118_24=0
x_118_25=0
x_118_26=0
x_118_27=0
x_118_28=0
x_118_29=0
x_118_30=0
x_118_31=0
x_118_32=0
x_118_33=0
x_118_34=0
x_118_35=0
x_118_36=0
x_118_37=0
x_118_38=0
x_118_39=0
x_118_40=0
x_119_1=0
x_119_2=0
x_119_3=0
x_119_4=0
x_119_5=0
x_119_6=0
x_119_7=0
x_119_8=0
x_119_9=0
x_119_10=0
x_119_11=0
x_119_12=0
x_119_13=0
x_119_14=0
x_119_15=0
x_119_16=0
x_119_17=0
x_119_18=0
x_119_19=0
x_119_20=0
x_119_21=0
x_119_22=0
x_119_23=0
x_119_24=0
x_119_25=0
x_119_26=0
x_119_27=0
x_119_28=0
x_119_29=0
x_119_30=0
x_119_31=0
x_119_32=0
x_119_33=0
x_119_34=0
x_119_35=0
x_119_36=0
x_119_37=0
x_119_38=0
x_119_39=0
x_119_40=0
x_120_1=0
x_120_2=0
x_120_3=0
x_120_4=0
x_120_5=0
x_120_6=0
x_120_7=0
x_120_8=0
x_120_9=0
x_120_10=0
x_120_11=0
x_120_12=0
x_120_13=0
x_120_14=0
x_120_15=0
x_120_16=0
x_120_17=0
x_120_18=0
x_120_19=0
x_120_20=0
x_120_21=0
x_120_22=0
x_120_23=0
x_120_24=0
x_120_25=0
x_120_26=0
x_120_27=0
x_120_28=0
x_120_29=0
x_120_30=0
x_120_31=0
x_120_32=0
x_120_33=0
x_120_34=0
x_120_35=0
x_120_36=0
x_120_37=0
x_120_38=0
x_120_39=0
x_120_40=0
x_121_1=0
x_121_2=0
x_121_3=0
x_121_4=0
x_121_5=0
x_121_6=0
x_121_7=0
x_121_8=0
x_121_9=0
x_121_10=0
x_121_11=0
x_121_12=0
x_121_13=0
x_121_14=0
x_121_15=0
x_121_16=0
x_121_17=0
x_121_18=0
x_121_19=0
x_121_20=0
x_121_21=0
x_121_22=0
x_121_23=0
x_121_24=0
x_121_25=0
x_121_26=0
x_121_27=0
x_121_28=0
x_121_29=0
x_121_30=0
x_121_31=0
x_121_32=0
x_121_33=0
x_121_34=0
x_121_35=0
x_121_36=0
x_121_37=0
x_121_38=0
x_121_39=0
x_121_40=0
x_122_1=1
x_122_2=0
x_122_3=0
x_122_4=0
x_122_5=0
x_122_6=0
x_122_7=0
x_122_8=0
x_122_9=0
x_122_10=0
x_122_11=0
x_122_12=0
x_122_13=0
x_122_14=0
x_122_15=0
x_122_16=0
x_122_17=0
x_122_18=0
x_122_19=0
x_122_20=0
x_122_21=0
x_122_22=0
x_122_23=0
x_122_24=0
x_122_25=0
x_122_26=0
x_122_27=0
x_122_28=0
x_122_29=0
x_122_30=0
x_122_31=0
x_122_32=0
x_122_33=0
x_122_34=0
x_122_35=0
x_122_36=0
x_122_37=0
x_122_38=0
x_122_39=0
x_122_40=0
x_123_1=0
x_123_2=0
x_123_3=0
x_123_4=0
x_123_5=1
x_123_6=0
x_123_7=0
x_123_8=0
x_123_9=0
x_123_10=0
x_123_11=0
x_123_12=0
x_123_13=0
x_123_14=0
x_123_15=0
x_123_16=0
x_123_17=0
x_123_18=0
x_123_19=0
x_123_20=0
x_123_21=0
x_123_22=0
x_123_23=0
x_123_24=0
x_123_25=0
x_123_26=0
x_123_27=0
x_123_28=0
x_123_29=0
x_123_30=0
x_123_31=0
x_123_32=0
x_123_33=0
x_123_34=0
x_123_35=0
x_123_36=0
x_123_37=0
x_123_38=0
x_123_39=0
x_123_40=0
x_124_1=0
x_124_2=0
x_124_3=0
x_124_4=0
x_124_5=1
x_124_6=0
x_124_7=0
x_124_8=0
x_124_9=0
x_124_10=0
x_124_11=0
x_124_12=0
x_124_13=0
x_124_14=0
x_124_15=0
x_124_16=0
x_124_17=0
x_124_18=0
x_124_19=0
x_124_20=0
x_124_21=0
x_124_22=0
x_124_23=0
x_124_24=0
x_124_25=0
x_124_26=0
x_124_27=0
x_124_28=0
x_124_29=0
x_124_30=0
x_124_31=0
x_124_32=0
x_124_33=0
x_124_34=0
x_124_35=0
x_124_36=0
x_124_37=0
x_124_38=0
x_124_39=0
x_124_40=0
x_125_1=0
x_125_2=0
x_125_3=0
x_125_4=0
x_125_5=0
x_125_6=1
x_125_7=0
x_125_8=0
x_125_9=0
x_125_10=0
x_125_11=0
x_125_12=0
x_125_13=0
x_125_14=0
x_125_15=0
x_125_16=0
x_125_17=0
x_125_18=0
x_125_19=0
x_125_20=0
x_125_21=0
x_125_22=0
x_125_23=0
x_125_24=0
x_125_25=0
x_125_26=0
x_125_27=0
x_125_28=0
x_125_29=0
x_125_30=0
x_125_31=0
x_125_32=0
x_125_33=0
x_125_34=0
x_125_35=0
x_125_36=0
x_125_37=0
x_125_38=0
x_125_39=0
x_125_40=0
x_126_1=0
x_126_2=1
x_126_3=0
x_126_4=0
x_126_5=0
x_126_6=0
x_126_7=0
x_126_8=0
x_126_9=0
x_126_10=0
x_126_11=0
x_126_12=0
x_126_13=0
x_126_14=0
x_126_15=0
x_126_16=0
x_126_17=0
x_126_18=0
x_126_19=0
x_126_20=0
x_126_21=0
x_126_22=0
x_126_23=0
x_126_24=0
x_126_25=0
x_126_26=0
x_126_27=0
x_126_28=0
x_126_29=0
x_126_30=0
x_126_31=0
x_126_32=0
x_126_33=0
x_126_34=0
x_126_35=0
x_126_36=0
x_126_37=0
x_126_38=0
x_126_39=0
x_126_40=0
x_127_1=0
x_127_2=1
x_127_3=0
x_127_4=0
x_127_5=0
x_127_6=0
x_127_7=0
x_127_8=0
x_127_9=0
x_127_10=0
x_127_11=0
x_127_12=0
x_127_13=0
x_127_14=0
x_127_15=0
x_127_16=0
x_127_17=0
x_127_18=0
x_127_19=0
x_127_20=0
x_127_21=0
x_127_22=0
x_127_23=0
x_127_24=0
x_127_25=0
x_127_26=0
x_127_27=0
x_127_28=0
x_127_29=0
x_127_30=0
x_127_31=0
x_127_32=0
x_127_33=0
x_127_34=0
x_127_35=0
x_127_36=0
x_127_37=0
x_127_38=0
x_127_39=0
x_127_40=0
x_128_1=0
x_128_2=0
x_128_3=0
x_128_4=0
x_128_5=1
x_128_6=0
x_128_7=0
x_128_8=0
x_128_9=0
x_128_10=0
x_128_11=0
x_128_12=0
x_128_13=0
x_128_14=0
x_128_15=0
x_128_16=0
x_128_17=0
x_128_18=0
x_128_19=0
x_128_20=0
x_128_21=0
x_128_22=0
x_128_23=0
x_128_24=0
x_128_25=0
x_128_26=0
x_128_27=0
x_128_28=0
x_128_29=0
x_128_30=0
x_128_31=0
x_128_32=0
x_128_33=0
x_128_34=0
x_128_35=0
x_128_36=0
x_128_37=0
x_128_38=0
x_128_39=0
x_128_40=0
x_129_1=0
x_129_2=0
x_129_3=0
x_129_4=0
x_129_5=0
x_129_6=1
x_129_7=0
x_129_8=0
x_129_9=0
x_129_10=0
x_129_11=0
x_129_12=0
x_129_13=0
x_129_14=0
x_129_15=0
x_129_16=0
x_129_17=0
x_129_18=0
x_129_19=0
x_129_20=0
x_129_21=0
x_129_22=0
x_129_23=0
x_129_24=0
x_129_25=0
x_129_26=0
x_129_27=0
x_129_28=0
x_129_29=0
x_129_30=0
x_129_31=0
x_129_32=0
x_129_33=0
x_129_34=0
x_129_35=0
x_129_36=0
x_129_37=0
x_129_38=0
x_129_39=0
x_129_40=0
x_130_1=0
x_130_2=0
x_130_3=0
x_130_4=0
x_130_5=0
x_130_6=0
x_130_7=0
x_130_8=0
x_130_9=0
x_130_10=0
x_130_11=0
x_130_12=0
x_130_13=0
x_130_14=0
x_130_15=0
x_130_16=1
x_130_17=0
x_130_18=0
x_130_19=0
x_130_20=0
x_130_21=0
x_130_22=0
x_130_23=0
x_130_24=0
x_130_25=0
x_130_26=0
x_130_27=0
x_130_28=0
x_130_29=0
x_130_30=0
x_130_31=0
x_130_32=0
x_130_33=0
x_130_34=0
x_130_35=0
x_130_36=0
x_130_37=0
x_130_38=0
x_130_39=0
x_130_40=0
x_131_1=0
x_131_2=0
x_131_3=0
x_131_4=0
x_131_5=0
x_131_6=0
x_131_7=0
x_131_8=0
x_131_9=0
x_131_10=1
x_131_11=0
x_131_12=0
x_131_13=0
x_131_14=0
x_131_15=0
x_131_16=0
x_131_17=0
x_131_18=0
x_131_19=0
x_131_20=0
x_131_21=0
x_131_22=0
x_131_23=0
x_131_24=0
x_131_25=0
x_131_26=0
x_131_27=0
x_131_28=0
x_131_29=0
x_131_30=0
x_131_31=0
x_131_32=0
x_131_33=0
x_131_34=0
x_131_35=0
x_131_36=0
x_131_37=0
x_131_38=0
x_131_39=0
x_131_40=0
x_132_1=0
x_132_2=0
x_132_3=0
x_132_4=0
x_132_5=0
x_132_6=0
x_132_7=0
x_132_8=0
x_132_9=0
x_132_10=0
x_132_11=0
x_132_12=0
x_132_13=0
x_132_14=1
x_132_15=0
x_132_16=0
x_132_17=0
x_132_18=0
x_132_19=0
x_132_20=0
x_132_21=0
x_132_22=0
x_132_23=0
x_132_24=0
x_132_25=0
x_132_26=0
x_132_27=0
x_132_28=0
x_132_29=0
x_132_30=0
x_132_31=0
x_132_32=0
x_132_33=0
x_132_34=0
x_132_35=0
x_132_36=0
x_132_37=0
x_132_38=0
x_132_39=0
x_132_40=0
x_133_1=0
x_133_2=0
x_133_3=0
x_133_4=0
x_133_5=0
x_133_6=0
x_133_7=0
x_133_8=0
x_133_9=0
x_133_10=0
x_133_11=0
x_133_12=0
x_133_13=0
x_133_14=0
x_133_15=0
x_133_16=1
x_133_17=0
x_133_18=0
x_133_19=0
x_133_20=0
x_133_21=0
x_133_22=0
x_133_23=0
x_133_24=0
x_133_25=0
x_133_26=0
x_133_27=0
x_133_28=0
x_133_29=0
x_133_30=0
x_133_31=0
x_133_32=0
x_133_33=0
x_133_34=0
x_133_35=0
x_133_36=0
x_133_37=0
x_133_38=0
x_133_39=0
x_133_40=0
x_134_1=0
x_134_2=0
x_134_3=0
x_134_4=0
x_134_5=0
x_134_6=1
x_134_7=0
x_134_8=0
x_134_9=0
x_134_10=0
x_134_11=0
x_134_12=0
x_134_13=0
x_134_14=0
x_134_15=0
x_134_16=0
x_134_17=0
x_134_18=0
x_134_19=0
x_134_20=0
x_134_21=0
x_134_22=0
x_134_23=0
x_134_24=0
x_134_25=0
x_134_26=0
x_134_27=0
x_134_28=0
x_134_29=0
x_134_30=0
x_134_31=0
x_134_32=0
x_134_33=0
x_134_34=0
x_134_35=0
x_134_36=0
x_134_37=0
x_134_38=0
x_134_39=0
x_134_40=0
x_135_1=0
x_135_2=0
x_135_3=0
x_135_4=0
x_135_5=0
x_135_6=1
x_135_7=0
x_135_8=0
x_135_9=0
x_135_10=0
x_135_11=0
x_135_12=0
x_135_13=0
x_135_14=0
x_135_15=0
x_135_16=0
x_135_17=0
x_135_18=0
x_135_19=0
x_135_20=0
x_135_21=0
x_135_22=0
x_135_23=0
x_135_24=0
x_135_25=0
x_135_26=0
x_135_27=0
x_135_28=0
x_135_29=0
x_135_30=0
x_135_31=0
x_135_32=0
x_135_33=0
x_135_34=0
x_135_35=0
x_135_36=0
x_135_37=0
x_135_38=0
x_135_39=0
x_135_40=0
x_136_1=0
x_136_2=0
x_136_3=0
x_136_4=0
x_136_5=1
x_136_6=0
x_136_7=0
x_136_8=0
x_136_9=0
x_136_10=0
x_136_11=0
x_136_12=0
x_136_13=0
x_136_14=0
x_136_15=0
x_136_16=0
x_136_17=0
x_136_18=0
x_136_19=0
x_136_20=0
x_136_21=0
x_136_22=0
x_136_23=0
x_136_24=0
x_136_25=0
x_136_26=0
x_136_27=0
x_136_28=0
x_136_29=0
x_136_30=0
x_136_31=0
x_136_32=0
x_136_33=0
x_136_34=0
x_136_35=0
x_136_36=0
x_136_37=0
x_136_38=0
x_136_39=0
x_136_40=0
x_137_1=0
x_137_2=0
x_137_3=0
x_137_4=0
x_137_5=0
x_137_6=0
x_137_7=0
x_137_8=0
x_137_9=0
x_137_10=0
x_137_11=0
x_137_12=0
x_137_13=0
x_137_14=0
x_137_15=0
x_137_16=0
x_137_17=0
x_137_18=0
x_137_19=0
x_137_20=0
x_137_21=0
x_137_22=0
x_137_23=0
x_137_24=0
x_137_25=0
x_137_26=0
x_137_27=0
x_137_28=0
x_137_29=0
x_137_30=0
x_137_31=0
x_137_32=0
x_137_33=0
x_137_34=0
x_137_35=0
x_137_36=0
x_137_37=0
x_137_38=0
x_137_39=0
x_137_40=0
x_138_1=0
x_138_2=0
x_138_3=0
x_138_4=0
x_138_5=0
x_138_6=0
x_138_7=0
x_138_8=0
x_138_9=0
x_138_10=0
x_138_11=0
x_138_12=0
x_138_13=0
x_138_14=0
x_138_15=0
x_138_16=0
x_138_17=0
x_138_18=0
x_138_19=0
x_138_20=0
x_138_21=0
x_138_22=0
x_138_23=0
x_138_24=0
x_138_25=0
x_138_26=0
x_138_27=0
x_138_28=0
x_138_29=0
x_138_30=0
x_138_31=0
x_138_32=0
x_138_33=0
x_138_34=0
x_138_35=0
x_138_36=0
x_138_37=0
x_138_38=0
x_138_39=0
x_138_40=0
x_139_1=0
x_139_2=0
x_139_3=0
x_139_4=0
x_139_5=0
x_139_6=0
x_139_7=0
x_139_8=0
x_139_9=0
x_139_10=0
x_139_11=0
x_139_12=0
x_139_13=0
x_139_14=0
x_139_15=1
x_139_16=0
x_139_17=0
x_139_18=0
x_139_19=0
x_139_20=0
x_139_21=0
x_139_22=0
x_139_23=0
x_139_24=0
x_139_25=0
x_139_26=0
x_139_27=0
x_139_28=0
x_139_29=0
x_139_30=0
x_139_31=0
x_139_32=0
x_139_33=0
x_139_34=0
x_139_35=0
x_139_36=0
x_139_37=0
x_139_38=0
x_139_39=0
x_139_40=0
x_140_1=0
x_140_2=0
x_140_3=0
x_140_4=0
x_140_5=0
x_140_6=0
x_140_7=0
x_140_8=0
x_140_9=0
x_140_10=0
x_140_11=0
x_140_12=0
x_140_13=0
x_140_14=0
x_140_15=0
x_140_16=0
x_140_17=0
x_140_18=0
x_140_19=0
x_140_20=0
x_140_21=0
x_140_22=0
x_140_23=0
x_140_24=0
x_140_25=0
x_140_26=0
x_140_27=0
x_140_28=0
x_140_29=0
x_140_30=0
x_140_31=0
x_140_32=0
x_140_33=0
x_140_34=0
x_140_35=0
x_140_36=0
x_140_37=0
x_140_38=0
x_140_39=0
x_140_40=0
x_141_1=0
x_141_2=0
x_141_3=0
x_141_4=0
x_141_5=0
x_141_6=0
x_141_7=0
x_141_8=0
x_141_9=0
x_141_10=0
x_141_11=1
x_141_12=0
x_141_13=0
x_141_14=0
x_141_15=0
x_141_16=0
x_141_17=0
x_141_18=0
x_141_19=0
x_141_20=0
x_141_21=0
x_141_22=0
x_141_23=0
x_141_24=0
x_141_25=0
x_141_26=0
x_141_27=0
x_141_28=0
x_141_29=0
x_141_30=0
x_141_31=0
x_141_32=0
x_141_33=0
x_141_34=0
x_141_35=0
x_141_36=0
x_141_37=0
x_141_38=0
x_141_39=0
x_141_40=0
x_142_1=0
x_142_2=0
x_142_3=0
x_142_4=0
x_142_5=0
x_142_6=0
x_142_7=0
x_142_8=0
x_142_9=0
x_142_10=0
x_142_11=0
x_142_12=0
x_142_13=0
x_142_14=0
x_142_15=0
x_142_16=1
x_142_17=0
x_142_18=0
x_142_19=0
x_142_20=0
x_142_21=0
x_142_22=0
x_142_23=0
x_142_24=0
x_142_25=0
x_142_26=0
x_142_27=0
x_142_28=0
x_142_29=0
x_142_30=0
x_142_31=0
x_142_32=0
x_142_33=0
x_142_34=0
x_142_35=0
x_142_36=0
x_142_37=0
x_142_38=0
x_142_39=0
x_142_40=0
x_143_1=0
x_143_2=0
x_143_3=0
x_143_4=0
x_143_5=0
x_143_6=0
x_143_7=0
x_143_8=0
x_143_9=0
x_143_10=0
x_143_11=0
x_143_12=1
x_143_13=0
x_143_14=0
x_143_15=0
x_143_16=0
x_143_17=0
x_143_18=0
x_143_19=0
x_143_20=0
x_143_21=0
x_143_22=0
x_143_23=0
x_143_24=0
x_143_25=0
x_143_26=0
x_143_27=0
x_143_28=0
x_143_29=0
x_143_30=0
x_143_31=0
x_143_32=0
x_143_33=0
x_143_34=0
x_143_35=0
x_143_36=0
x_143_37=0
x_143_38=0
x_143_39=0
x_143_40=0
x_144_1=0
x_144_2=0
x_144_3=0
x_144_4=0
x_144_5=0
x_144_6=0
x_144_7=0
x_144_8=0
x_144_9=0
x_144_10=0
x_144_11=0
x_144_12=0
x_144_13=0
x_144_14=0
x_144_15=1
x_144_16=0
x_144_17=0
x_144_18=0
x_144_19=0
x_144_20=0
x_144_21=0
x_144_22=0
x_144_23=0
x_144_24=0
x_144_25=0
x_144_26=0
x_144_27=0
x_144_28=0
x_144_29=0
x_144_30=0
x_144_31=0
x_144_32=0
x_144_33=0
x_144_34=0
x_144_35=0
x_144_36=0
x_144_37=0
x_144_38=0
x_144_39=0
x_144_40=0
x_145_1=0
x_145_2=0
x_145_3=0
x_145_4=0
x_145_5=0
x_145_6=0
x_145_7=0
x_145_8=0
x_145_9=0
x_145_10=1
x_145_11=0
x_145_12=0
x_145_13=0
x_145_14=0
x_145_15=0
x_145_16=0
x_145_17=0
x_145_18=0
x_145_19=0
x_145_20=0
x_145_21=0
x_145_22=0
x_145_23=0
x_145_24=0
x_145_25=0
x_145_26=0
x_145_27=0
x_145_28=0
x_145_29=0
x_145_30=0
x_145_31=0
x_145_32=0
x_145_33=0
x_145_34=0
x_145_35=0
x_145_36=0
x_145_37=0
x_145_38=0
x_145_39=0
x_145_40=0
x_146_1=0
x_146_2=0
x_146_3=0
x_146_4=0
x_146_5=0
x_146_6=0
x_146_7=0
x_146_8=0
x_146_9=0
x_146_10=0
x_146_11=0
x_146_12=0
x_146_13=0
x_146_14=0
x_146_15=0
x_146_16=0
x_146_17=0
x_146_18=0
x_146_19=0
x_146_20=0
x_146_21=0
x_146_22=0
x_146_23=0
x_146_24=0
x_146_25=0
x_146_26=0
x_146_27=0
x_146_28=0
x_146_29=0
x_146_30=0
x_146_31=0
x_146_32=0
x_146_33=0
x_146_34=0
x_146_35=0
x_146_36=0
x_146_37=0
x_146_38=0
x_146_39=0
x_146_40=0
x_147_1=0
x_147_2=0
x_147_3=0
x_147_4=0
x_147_5=0
x_147_6=0
x_147_7=0
x_147_8=0
x_147_9=0
x_147_10=0
x_147_11=1
x_147_12=0
x_147_13=0
x_147_14=0
x_147_15=0
x_147_16=0
x_147_17=0
x_147_18=0
x_147_19=0
x_147_20=0
x_147_21=0
x_147_22=0
x_147_23=0
x_147_24=0
x_147_25=0
x_147_26=0
x_147_27=0
x_147_28=0
x_147_29=0
x_147_30=0
x_147_31=0
x_147_32=0
x_147_33=0
x_147_34=0
x_147_35=0
x_147_36=0
x_147_37=0
x_147_38=0
x_147_39=0
x_147_40=0
x_148_1=0
x_148_2=0
x_148_3=0
x_148_4=0
x_148_5=0
x_148_6=0
x_148_7=0
x_148_8=0
x_148_9=0
x_148_10=1
x_148_11=0
x_148_12=0
x_148_13=0
x_148_14=0
x_148_15=0
x_148_16=0
x_148_17=0
x_148_18=0
x_148_19=0
x_148_20=0
x_148_21=0
x_148_22=0
x_148_23=0
x_148_24=0
x_148_25=0
x_148_26=0
x_148_27=0
x_148_28=0
x_148_29=0
x_148_30=0
x_148_31=0
x_148_32=0
x_148_33=0
x_148_34=0
x_148_35=0
x_148_36=0
x_148_37=0
x_148_38=0
x_148_39=0
x_148_40=0
x_149_1=0
x_149_2=0
x_149_3=0
x_149_4=0
x_149_5=0
x_149_6=0
x_149_7=0
x_149_8=0
x_149_9=0
x_149_10=0
x_149_11=0
x_149_12=0
x_149_13=0
x_149_14=0
x_149_15=0
x_149_16=0
x_149_17=0
x_149_18=0
x_149_19=0
x_149_20=0
x_149_21=0
x_149_22=0
x_149_23=0
x_149_24=0
x_149_25=0
x_149_26=0
x_149_27=0
x_149_28=0
x_149_29=0
x_149_30=0
x_149_31=0
x_149_32=0
x_149_33=0
x_149_34=0
x_149_35=0
x_149_36=0
x_149_37=0
x_149_38=0
x_149_39=0
x_149_40=0
x_150_1=0
x_150_2=0
x_150_3=0
x_150_4=0
x_150_5=0
x_150_6=0
x_150_7=0
x_150_8=0
x_150_9=0
x_150_10=0
x_150_11=0
x_150_12=0
x_150_13=0
x_150_14=0
x_150_15=0
x_150_16=0
x_150_17=0
x_150_18=0
x_150_19=0
x_150_20=0
x_150_21=0
x_150_22=0
x_150_23=0
x_150_24=0
x_150_25=0
x_150_26=0
x_150_27=0
x_150_28=0
x_150_29=0
x_150_30=0
x_150_31=0
x_150_32=0
x_150_33=0
x_150_34=0
x_150_35=0
x_150_36=0
x_150_37=0
x_150_38=0
x_150_39=0
x_150_40=0
x_151_1=0
x_151_2=0
x_151_3=0
x_151_4=0
x_151_5=0
x_151_6=0
x_151_7=0
x_151_8=0
x_151_9=0
x_151_10=0
x_151_11=1
x_151_12=0
x_151_13=0
x_151_14=0
x_151_15=0
x_151_16=0
x_151_17=0
x_151_18=0
x_151_19=0
x_151_20=0
x_151_21=0
x_151_22=0
x_151_23=0
x_151_24=0
x_151_25=0
x_151_26=0
x_151_27=0
x_151_28=0
x_151_29=0
x_151_30=0
x_151_31=0
x_151_32=0
x_151_33=0
x_151_34=0
x_151_35=0
x_151_36=0
x_151_37=0
x_151_38=0
x_151_39=0
x_151_40=0
x_152_1=0
x_152_2=0
x_152_3=0
x_152_4=0
x_152_5=0
x_152_6=0
x_152_7=0
x_152_8=0
x_152_9=0
x_152_10=0
x_152_11=0
x_152_12=0
x_152_13=0
x_152_14=0
x_152_15=0
x_152_16=0
x_152_17=0
x_152_18=0
x_152_19=0
x_152_20=0
x_152_21=0
x_152_22=0
x_152_23=0
x_152_24=0
x_152_25=0
x_152_26=0
x_152_27=0
x_152_28=0
x_152_29=0
x_152_30=0
x_152_31=0
x_152_32=0
x_152_33=0
x_152_34=0
x_152_35=0
x_152_36=0
x_152_37=0
x_152_38=0
x_152_39=0
x_152_40=0
x_153_1=0
x_153_2=0
x_153_3=0
x_153_4=0
x_153_5=0
x_153_6=0
x_153_7=0
x_153_8=0
x_153_9=0
x_153_10=0
x_153_11=0
x_153_12=0
x_153_13=0
x_153_14=0
x_153_15=0
x_153_16=0
x_153_17=0
x_153_18=0
x_153_19=0
x_153_20=0
x_153_21=0
x_153_22=0
x_153_23=0
x_153_24=0
x_153_25=0
x_153_26=0
x_153_27=0
x_153_28=0
x_153_29=0
x_153_30=0
x_153_31=0
x_153_32=0
x_153_33=0
x_153_34=0
x_153_35=0
x_153_36=0
x_153_37=0
x_153_38=0
x_153_39=0
x_153_40=0
x_154_1=0
x_154_2=0
x_154_3=0
x_154_4=0
x_154_5=0
x_154_6=0
x_154_7=0
x_154_8=0
x_154_9=0
x_154_10=0
x_154_11=0
x_154_12=0
x_154_13=0
x_154_14=0
x_154_15=1
x_154_16=0
x_154_17=0
x_154_18=0
x_154_19=0
x_154_20=0
x_154_21=0
x_154_22=0
x_154_23=0
x_154_24=0
x_154_25=0
x_154_26=0
x_154_27=0
x_154_28=0
x_154_29=0
x_154_30=0
x_154_31=0
x_154_32=0
x_154_33=0
x_154_34=0
x_154_35=0
x_154_36=0
x_154_37=0
x_154_38=0
x_154_39=0
x_154_40=0
x_155_1=0
x_155_2=0
x_155_3=0
x_155_4=0
x_155_5=0
x_155_6=0
x_155_7=0
x_155_8=0
x_155_9=0
x_155_10=0
x_155_11=0
x_155_12=0
x_155_13=0
x_155_14=0
x_155_15=1
x_155_16=0
x_155_17=0
x_155_18=0
x_155_19=0
x_155_20=0
x_155_21=0
x_155_22=0
x_155_23=0
x_155_24=0
x_155_25=0
x_155_26=0
x_155_27=0
x_155_28=0
x_155_29=0
x_155_30=0
x_155_31=0
x_155_32=0
x_155_33=0
x_155_34=0
x_155_35=0
x_155_36=0
x_155_37=0
x_155_38=0
x_155_39=0
x_155_40=0
x_156_1=0
x_156_2=0
x_156_3=0
x_156_4=0
x_156_5=0
x_156_6=0
x_156_7=0
x_156_8=0
x_156_9=0
x_156_10=1
x_156_11=0
x_156_12=0
x_156_13=0
x_156_14=0
x_156_15=0
x_156_16=0
x_156_17=0
x_156_18=0
x_156_19=0
x_156_20=0
x_156_21=0
x_156_22=0
x_156_23=0
x_156_24=0
x_156_25=0
x_156_26=0
x_156_27=0
x_156_28=0
x_156_29=0
x_156_30=0
x_156_31=0
x_156_32=0
x_156_33=0
x_156_34=0
x_156_35=0
x_156_36=0
x_156_37=0
x_156_38=0
x_156_39=0
x_156_40=0
x_157_1=0
x_157_2=0
x_157_3=0
x_157_4=0
x_157_5=0
x_157_6=0
x_157_7=0
x_157_8=0
x_157_9=0
x_157_10=0
x_157_11=0
x_157_12=0
x_157_13=0
x_157_14=0
x_157_15=0
x_157_16=0
x_157_17=0
x_157_18=0
x_157_19=0
x_157_20=0
x_157_21=0
x_157_22=0
x_157_23=0
x_157_24=0
x_157_25=0
x_157_26=0
x_157_27=0
x_157_28=0
x_157_29=0
x_157_30=0
x_157_31=0
x_157_32=0
x_157_33=0
x_157_34=0
x_157_35=0
x_157_36=0
x_157_37=0
x_157_38=0
x_157_39=0
x_157_40=0
x_0_0=0
x_1_0=0
x_2_0=0
x_8_0=0
x_9_0=0
x_11_0=0
x_57_0=0
x_126_0=0
x_129_0=0
x_128_0=0
x_131_0=0
x_122_0=0
x_127_0=0
x_123_0=0
x_136_0=0
x_125_0=0
x_134_0=0
x_135_0=0
x_141_0=0
x_124_0=0
x_144_0=0
x_154_0=0
x_139_0=0
x_130_0=0
x_137_0=0
x_87_0=0
x_145_0=0
x_146_0=0
x_143_0=0
x_153_0=0
x_3_0=0
x_4_0=0
x_5_0=0
x_6_0=0
x_7_0=0
x_10_0=0
x_12_0=0
x_13_0=0
x_14_0=0
x_15_0=0
x_16_0=0
x_17_0=0
x_18_0=0
x_19_0=0
x_20_0=0
x_21_0=0
x_22_0=0
x_23_0=0
x_24_0=0
x_25_0=0
x_26_0=0
x_27_0=0
x_28_0=0
x_29_0=0
x_30_0=0
x_31_0=0
x_32_0=0
x_33_0=0
x_34_0=0
x_35_0=0
x_36_0=0
x_37_0=0
x_38_0=0
x_39_0=0
x_40_0=0
x_41_0=0
x_42_0=0
x_43_0=0
x_44_0=0
x_45_0=0
x_46_0=0
x_47_0=0
x_48_0=0
x_49_0=0
x_50_0=0
x_51_0=0
x_52_0=0
x_53_0=0
x_54_0=0
x_55_0=0
x_56_0=0
x_58_0=0
x_59_0=0
x_60_0=0
x_61_0=0
x_62_0=0
x_63_0=0
x_64_0=0
x_65_0=0
x_66_0=0
x_67_0=0
x_68_0=0
x_69_0=0
x_70_0=0
x_71_0=0
x_72_0=0
x_73_0=0
x_74_0=0
x_75_0=0
x_76_0=0
x_77_0=0
x_78_0=0
x_79_0=0
x_80_0=0
x_81_0=0
x_82_0=0
x_83_0=0
x_84_0=0
x_85_0=0
x_86_0=0
x_88_0=0
x_89_0=0
x_90_0=0
x_91_0=0
x_92_0=0
x_93_0=0
x_94_0=0
x_95_0=0
x_96_0=0
x_97_0=0
x_98_0=0
x_99_0=0
x_100_0=0
x_101_0=0
x_102_0=0
x_103_0=0
x_104_0=0
x_105_0=0
x_106_0=0
x_107_0=0
x_108_0=0
x_109_0=0
x_110_0=0
x_111_0=0
x_112_0=0
x_113_0=0
x_114_0=0
x_115_0=0
x_116_0=0
x_117_0=0
x_118_0=0
x_119_0=0
x_120_0=0
x_121_0=0
x_132_0=0
x_133_0=0
x_138_0=0
x_140_0=0
x_142_0=0
x_147_0=0
x_148_0=0
x_149_0=0
x_150_0=0
x_151_0=0
x_152_0=0
x_155_0=0
x_156_0=0
x_157_0=0
w_HY=0
w_AT=0
w_HHU=0
w_AH=0
w_HHUHSS=0
w_PH=1
w_CL=0
w_EN=1
w_LI=0
w_CINGL=0
w_MKCNSO=0
w_BU=0
w_IB=0
w_JS=1
w_HSS=0
w_MG=0
w_CN=1
w_SO=0
w_SOES=0
w_AN=0
w_EC=0
w_PO=1
